<?xml version="1.0" encoding="UTF-8"?>
<testsuites>
  <testsuite name="C:\Users\Adam\Herd\Muse\phpunit.xml" tests="421" assertions="1232" errors="0" failures="0" skipped="2" time="21.581532">
    <testsuite name="Unit" tests="1" assertions="1" errors="0" failures="0" skipped="0" time="0.014164">
      <testsuite name="Tests\Unit\ExampleTest" file="tests\Unit\ExampleTest.php" tests="1" assertions="1" errors="0" failures="0" skipped="0" time="0.014164">
        <testcase name="that true is true" file="tests\Unit\ExampleTest.php::that true is true" class="Tests\Unit\ExampleTest" classname="Tests.Unit.ExampleTest" assertions="1" time="0.014164"/>
      </testsuite>
    </testsuite>
    <testsuite name="Feature" tests="420" assertions="1231" errors="0" failures="0" skipped="2" time="21.567368">
      <testsuite name="Tests\Feature\Auth\AuthenticationTest" file="tests\Feature\Auth\AuthenticationTest.php" tests="5" assertions="9" errors="0" failures="0" skipped="0" time="2.412130">
        <testcase name="login screen can be rendered" file="tests\Feature\Auth\AuthenticationTest.php::login screen can be rendered" class="Tests\Feature\Auth\AuthenticationTest" classname="Tests.Feature.Auth.AuthenticationTest" assertions="1" time="2.273980"/>
        <testcase name="users can authenticate using the login screen" file="tests\Feature\Auth\AuthenticationTest.php::users can authenticate using the login screen" class="Tests\Feature\Auth\AuthenticationTest" classname="Tests.Feature.Auth.AuthenticationTest" assertions="3" time="0.050452"/>
        <testcase name="users can not authenticate with invalid password" file="tests\Feature\Auth\AuthenticationTest.php::users can not authenticate with invalid password" class="Tests\Feature\Auth\AuthenticationTest" classname="Tests.Feature.Auth.AuthenticationTest" assertions="1" time="0.034910"/>
        <testcase name="users can logout" file="tests\Feature\Auth\AuthenticationTest.php::users can logout" class="Tests\Feature\Auth\AuthenticationTest" classname="Tests.Feature.Auth.AuthenticationTest" assertions="3" time="0.025389"/>
        <testcase name="users are rate limited" file="tests\Feature\Auth\AuthenticationTest.php::users are rate limited" class="Tests\Feature\Auth\AuthenticationTest" classname="Tests.Feature.Auth.AuthenticationTest" assertions="1" time="0.027400"/>
      </testsuite>
      <testsuite name="Tests\Feature\Auth\EmailVerificationTest" file="tests\Feature\Auth\EmailVerificationTest.php" tests="6" assertions="16" errors="0" failures="0" skipped="0" time="0.176756">
        <testcase name="email verification screen can be rendered" file="tests\Feature\Auth\EmailVerificationTest.php::email verification screen can be rendered" class="Tests\Feature\Auth\EmailVerificationTest" classname="Tests.Feature.Auth.EmailVerificationTest" assertions="1" time="0.038700"/>
        <testcase name="email can be verified" file="tests\Feature\Auth\EmailVerificationTest.php::email can be verified" class="Tests\Feature\Auth\EmailVerificationTest" classname="Tests.Feature.Auth.EmailVerificationTest" assertions="4" time="0.028540"/>
        <testcase name="email is not verified with invalid hash" file="tests\Feature\Auth\EmailVerificationTest.php::email is not verified with invalid hash" class="Tests\Feature\Auth\EmailVerificationTest" classname="Tests.Feature.Auth.EmailVerificationTest" assertions="2" time="0.029084"/>
        <testcase name="email is not verified with invalid user id" file="tests\Feature\Auth\EmailVerificationTest.php::email is not verified with invalid user id" class="Tests\Feature\Auth\EmailVerificationTest" classname="Tests.Feature.Auth.EmailVerificationTest" assertions="2" time="0.028864"/>
        <testcase name="verified user is redirected to dashboard from verification prompt" file="tests\Feature\Auth\EmailVerificationTest.php::verified user is redirected to dashboard from verification prompt" class="Tests\Feature\Auth\EmailVerificationTest" classname="Tests.Feature.Auth.EmailVerificationTest" assertions="3" time="0.025596"/>
        <testcase name="already verified user visiting verification link is redirected without firing event again" file="tests\Feature\Auth\EmailVerificationTest.php::already verified user visiting verification link is redirected without firing event again" class="Tests\Feature\Auth\EmailVerificationTest" classname="Tests.Feature.Auth.EmailVerificationTest" assertions="4" time="0.025972"/>
      </testsuite>
      <testsuite name="Tests\Feature\Auth\PasswordConfirmationTest" file="tests\Feature\Auth\PasswordConfirmationTest.php" tests="2" assertions="10" errors="0" failures="0" skipped="0" time="0.064012">
        <testcase name="confirm password screen can be rendered" file="tests\Feature\Auth\PasswordConfirmationTest.php::confirm password screen can be rendered" class="Tests\Feature\Auth\PasswordConfirmationTest" classname="Tests.Feature.Auth.PasswordConfirmationTest" assertions="8" time="0.039662"/>
        <testcase name="password confirmation requires authentication" file="tests\Feature\Auth\PasswordConfirmationTest.php::password confirmation requires authentication" class="Tests\Feature\Auth\PasswordConfirmationTest" classname="Tests.Feature.Auth.PasswordConfirmationTest" assertions="2" time="0.024350"/>
      </testsuite>
      <testsuite name="Tests\Feature\Auth\PasswordResetTest" file="tests\Feature\Auth\PasswordResetTest.php" tests="5" assertions="10" errors="0" failures="0" skipped="0" time="1.017167">
        <testcase name="reset password link screen can be rendered" file="tests\Feature\Auth\PasswordResetTest.php::reset password link screen can be rendered" class="Tests\Feature\Auth\PasswordResetTest" classname="Tests.Feature.Auth.PasswordResetTest" assertions="1" time="0.026643"/>
        <testcase name="reset password link can be requested" file="tests\Feature\Auth\PasswordResetTest.php::reset password link can be requested" class="Tests\Feature\Auth\PasswordResetTest" classname="Tests.Feature.Auth.PasswordResetTest" assertions="1" time="0.252666"/>
        <testcase name="reset password screen can be rendered" file="tests\Feature\Auth\PasswordResetTest.php::reset password screen can be rendered" class="Tests\Feature\Auth\PasswordResetTest" classname="Tests.Feature.Auth.PasswordResetTest" assertions="2" time="0.252679"/>
        <testcase name="password can be reset with valid token" file="tests\Feature\Auth\PasswordResetTest.php::password can be reset with valid token" class="Tests\Feature\Auth\PasswordResetTest" classname="Tests.Feature.Auth.PasswordResetTest" assertions="4" time="0.252019"/>
        <testcase name="password cannot be reset with invalid token" file="tests\Feature\Auth\PasswordResetTest.php::password cannot be reset with invalid token" class="Tests\Feature\Auth\PasswordResetTest" classname="Tests.Feature.Auth.PasswordResetTest" assertions="2" time="0.233160"/>
      </testsuite>
      <testsuite name="Tests\Feature\Auth\RegistrationTest" file="tests\Feature\Auth\RegistrationTest.php" tests="2" assertions="0" errors="0" failures="0" skipped="2" time="0.000000">
        <testcase name="registration screen can be rendered" file="tests\Feature\Auth\RegistrationTest.php::registration screen can be rendered" class="Tests\Feature\Auth\RegistrationTest" classname="Tests.Feature.Auth.RegistrationTest" assertions="0" time="0.000000">
          <skipped/>
        </testcase>
        <testcase name="new users can register" file="tests\Feature\Auth\RegistrationTest.php::new users can register" class="Tests\Feature\Auth\RegistrationTest" classname="Tests.Feature.Auth.RegistrationTest" assertions="0" time="0.000000">
          <skipped/>
        </testcase>
      </testsuite>
      <testsuite name="Tests\Feature\Auth\VerificationNotificationTest" file="tests\Feature\Auth\VerificationNotificationTest.php" tests="2" assertions="6" errors="0" failures="0" skipped="0" time="0.051683">
        <testcase name="sends verification notification" file="tests\Feature\Auth\VerificationNotificationTest.php::sends verification notification" class="Tests\Feature\Auth\VerificationNotificationTest" classname="Tests.Feature.Auth.VerificationNotificationTest" assertions="3" time="0.026803"/>
        <testcase name="does not send verification notification if email is verified" file="tests\Feature\Auth\VerificationNotificationTest.php::does not send verification notification if email is verified" class="Tests\Feature\Auth\VerificationNotificationTest" classname="Tests.Feature.Auth.VerificationNotificationTest" assertions="3" time="0.024880"/>
      </testsuite>
      <testsuite name="Tests\Feature\ClasseEchange\AssignerTemoinTest" file="tests\Feature\ClasseEchange\AssignerTemoinTest.php" tests="9" assertions="38" errors="0" failures="0" skipped="0" time="0.360688">
        <testcase name="un enseignant peut assigner un témoin actif à sa classe" file="tests\Feature\ClasseEchange\AssignerTemoinTest.php::un enseignant peut assigner un témoin actif à sa classe" class="Tests\Feature\ClasseEchange\AssignerTemoinTest" classname="Tests.Feature.ClasseEchange.AssignerTemoinTest" assertions="2" time="0.054007"/>
        <testcase name="un enseignant peut désassigner un témoin (null)" file="tests\Feature\ClasseEchange\AssignerTemoinTest.php::un enseignant peut désassigner un témoin (null)" class="Tests\Feature\ClasseEchange\AssignerTemoinTest" classname="Tests.Feature.ClasseEchange.AssignerTemoinTest" assertions="2" time="0.033625"/>
        <testcase name="un étudiant ne peut pas assigner de témoin (redirigé par EnsureRole)" file="tests\Feature\ClasseEchange\AssignerTemoinTest.php::un étudiant ne peut pas assigner de témoin (redirigé par EnsureRole)" class="Tests\Feature\ClasseEchange\AssignerTemoinTest" classname="Tests.Feature.ClasseEchange.AssignerTemoinTest" assertions="2" time="0.031139"/>
        <testcase name="on ne peut pas assigner un utilisateur dont le rôle n'est pas personne_agee" file="tests\Feature\ClasseEchange\AssignerTemoinTest.php::on ne peut pas assigner un utilisateur dont le rôle n'est pas personne_agee" class="Tests\Feature\ClasseEchange\AssignerTemoinTest" classname="Tests.Feature.ClasseEchange.AssignerTemoinTest" assertions="1" time="0.030712"/>
        <testcase name="on ne peut pas assigner une personne âgée en attente" file="tests\Feature\ClasseEchange\AssignerTemoinTest.php::on ne peut pas assigner une personne âgée en attente" class="Tests\Feature\ClasseEchange\AssignerTemoinTest" classname="Tests.Feature.ClasseEchange.AssignerTemoinTest" assertions="1" time="0.033168"/>
        <testcase name="un enseignant d'un autre cours ne peut pas assigner de témoin" file="tests\Feature\ClasseEchange\AssignerTemoinTest.php::un enseignant d'un autre cours ne peut pas assigner de témoin" class="Tests\Feature\ClasseEchange\AssignerTemoinTest" classname="Tests.Feature.ClasseEchange.AssignerTemoinTest" assertions="1" time="0.036417"/>
        <testcase name="show() retourne uniquement les témoins partageant une thématique avec la classe" file="tests\Feature\ClasseEchange\AssignerTemoinTest.php::show() retourne uniquement les témoins partageant une thématique avec la classe" class="Tests\Feature\ClasseEchange\AssignerTemoinTest" classname="Tests.Feature.ClasseEchange.AssignerTemoinTest" assertions="11" time="0.052882"/>
        <testcase name="show() exclut les témoins dont la thématique ne correspond pas à la classe" file="tests\Feature\ClasseEchange\AssignerTemoinTest.php::show() exclut les témoins dont la thématique ne correspond pas à la classe" class="Tests\Feature\ClasseEchange\AssignerTemoinTest" classname="Tests.Feature.ClasseEchange.AssignerTemoinTest" assertions="9" time="0.044284"/>
        <testcase name="show() retourne tous les témoins actifs si la classe n'a aucune thématique" file="tests\Feature\ClasseEchange\AssignerTemoinTest.php::show() retourne tous les témoins actifs si la classe n'a aucune thématique" class="Tests\Feature\ClasseEchange\AssignerTemoinTest" classname="Tests.Feature.ClasseEchange.AssignerTemoinTest" assertions="9" time="0.044454"/>
      </testsuite>
      <testsuite name="Tests\Feature\ClasseEchange\EchangesTest" file="tests\Feature\ClasseEchange\EchangesTest.php" tests="13" assertions="45" errors="0" failures="0" skipped="0" time="0.500613">
        <testcase name="un membre de la classe peut voir les échanges" file="tests\Feature\ClasseEchange\EchangesTest.php::un membre de la classe peut voir les échanges" class="Tests\Feature\ClasseEchange\EchangesTest" classname="Tests.Feature.ClasseEchange.EchangesTest" assertions="8" time="0.053028"/>
        <testcase name="le témoin assigné peut voir les échanges" file="tests\Feature\ClasseEchange\EchangesTest.php::le témoin assigné peut voir les échanges" class="Tests\Feature\ClasseEchange\EchangesTest" classname="Tests.Feature.ClasseEchange.EchangesTest" assertions="1" time="0.043342"/>
        <testcase name="l'enseignant du cours peut voir les échanges" file="tests\Feature\ClasseEchange\EchangesTest.php::l'enseignant du cours peut voir les échanges" class="Tests\Feature\ClasseEchange\EchangesTest" classname="Tests.Feature.ClasseEchange.EchangesTest" assertions="1" time="0.041782"/>
        <testcase name="une personne âgée non assignée à la classe est refusée" file="tests\Feature\ClasseEchange\EchangesTest.php::une personne âgée non assignée à la classe est refusée" class="Tests\Feature\ClasseEchange\EchangesTest" classname="Tests.Feature.ClasseEchange.EchangesTest" assertions="1" time="0.034062"/>
        <testcase name="un invité est redirigé vers le login" file="tests\Feature\ClasseEchange\EchangesTest.php::un invité est redirigé vers le login" class="Tests\Feature\ClasseEchange\EchangesTest" classname="Tests.Feature.ClasseEchange.EchangesTest" assertions="2" time="0.028514"/>
        <testcase name="un membre peut envoyer un message" file="tests\Feature\ClasseEchange\EchangesTest.php::un membre peut envoyer un message" class="Tests\Feature\ClasseEchange\EchangesTest" classname="Tests.Feature.ClasseEchange.EchangesTest" assertions="3" time="0.030776"/>
        <testcase name="le témoin assigné peut répondre" file="tests\Feature\ClasseEchange\EchangesTest.php::le témoin assigné peut répondre" class="Tests\Feature\ClasseEchange\EchangesTest" classname="Tests.Feature.ClasseEchange.EchangesTest" assertions="2" time="0.030701"/>
        <testcase name="l'enseignant peut envoyer un message" file="tests\Feature\ClasseEchange\EchangesTest.php::l'enseignant peut envoyer un message" class="Tests\Feature\ClasseEchange\EchangesTest" classname="Tests.Feature.ClasseEchange.EchangesTest" assertions="2" time="0.032720"/>
        <testcase name="un message vide est rejeté" file="tests\Feature\ClasseEchange\EchangesTest.php::un message vide est rejeté" class="Tests\Feature\ClasseEchange\EchangesTest" classname="Tests.Feature.ClasseEchange.EchangesTest" assertions="2" time="0.039574"/>
        <testcase name="un message de plus de 3000 caractères est rejeté" file="tests\Feature\ClasseEchange\EchangesTest.php::un message de plus de 3000 caractères est rejeté" class="Tests\Feature\ClasseEchange\EchangesTest" classname="Tests.Feature.ClasseEchange.EchangesTest" assertions="2" time="0.042022"/>
        <testcase name="une personne âgée non assignée ne peut pas envoyer de message" file="tests\Feature\ClasseEchange\EchangesTest.php::une personne âgée non assignée ne peut pas envoyer de message" class="Tests\Feature\ClasseEchange\EchangesTest" classname="Tests.Feature.ClasseEchange.EchangesTest" assertions="1" time="0.033525"/>
        <testcase name="la page personne âgée liste les classes assignées" file="tests\Feature\ClasseEchange\EchangesTest.php::la page personne âgée liste les classes assignées" class="Tests\Feature\ClasseEchange\EchangesTest" classname="Tests.Feature.ClasseEchange.EchangesTest" assertions="11" time="0.039709"/>
        <testcase name="la page personne âgée n'affiche pas les classes d'une autre personne" file="tests\Feature\ClasseEchange\EchangesTest.php::la page personne âgée n'affiche pas les classes d'une autre personne" class="Tests\Feature\ClasseEchange\EchangesTest" classname="Tests.Feature.ClasseEchange.EchangesTest" assertions="9" time="0.050857"/>
      </testsuite>
      <testsuite name="Tests\Feature\ClasseEtudiantTest" file="tests\Feature\ClasseEtudiantTest.php" tests="5" assertions="13" errors="0" failures="0" skipped="0" time="0.188611">
        <testcase name="store ajoute un etudiant a une section" file="tests\Feature\ClasseEtudiantTest.php::store ajoute un etudiant a une section" class="Tests\Feature\ClasseEtudiantTest" classname="Tests.Feature.ClasseEtudiantTest" assertions="3" time="0.049668"/>
        <testcase name="update modifie etudiant et statut dans la section" file="tests\Feature\ClasseEtudiantTest.php::update modifie etudiant et statut dans la section" class="Tests\Feature\ClasseEtudiantTest" classname="Tests.Feature.ClasseEtudiantTest" assertions="3" time="0.032832"/>
        <testcase name="destroy retire etudiant de la section" file="tests\Feature\ClasseEtudiantTest.php::destroy retire etudiant de la section" class="Tests\Feature\ClasseEtudiantTest" classname="Tests.Feature.ClasseEtudiantTest" assertions="2" time="0.030534"/>
        <testcase name="import ajoute des etudiants depuis csv" file="tests\Feature\ClasseEtudiantTest.php::import ajoute des etudiants depuis csv" class="Tests\Feature\ClasseEtudiantTest" classname="Tests.Feature.ClasseEtudiantTest" assertions="3" time="0.047850"/>
        <testcase name="store retourne 403 pour un utilisateur non autorise" file="tests\Feature\ClasseEtudiantTest.php::store retourne 403 pour un utilisateur non autorise" class="Tests\Feature\ClasseEtudiantTest" classname="Tests.Feature.ClasseEtudiantTest" assertions="2" time="0.027727"/>
      </testsuite>
      <testsuite name="Tests\Feature\ClasseNoteCorrectionTest" file="tests\Feature\ClasseNoteCorrectionTest.php" tests="8" assertions="17" errors="0" failures="0" skipped="0" time="0.288359">
        <testcase name="upsertNoteCorrection() crée une correction et met à jour le HTML de la note" file="tests\Feature\ClasseNoteCorrectionTest.php::upsertNoteCorrection() crée une correction et met à jour le HTML de la note" class="Tests\Feature\ClasseNoteCorrectionTest" classname="Tests.Feature.ClasseNoteCorrectionTest" assertions="3" time="0.052983"/>
        <testcase name="upsertNoteCorrection() met à jour une correction existante sans doublon (upsert)" file="tests\Feature\ClasseNoteCorrectionTest.php::upsertNoteCorrection() met à jour une correction existante sans doublon (upsert)" class="Tests\Feature\ClasseNoteCorrectionTest" classname="Tests.Feature.ClasseNoteCorrectionTest" assertions="3" time="0.035477"/>
        <testcase name="upsertNoteCorrection() refuse un étudiant (redirigé — middleware rôle)" file="tests\Feature\ClasseNoteCorrectionTest.php::upsertNoteCorrection() refuse un étudiant (redirigé — middleware rôle)" class="Tests\Feature\ClasseNoteCorrectionTest" classname="Tests.Feature.ClasseNoteCorrectionTest" assertions="2" time="0.035268"/>
        <testcase name="upsertNoteCorrection() refuse un enseignant d'un autre cours (403)" file="tests\Feature\ClasseNoteCorrectionTest.php::upsertNoteCorrection() refuse un enseignant d'un autre cours (403)" class="Tests\Feature\ClasseNoteCorrectionTest" classname="Tests.Feature.ClasseNoteCorrectionTest" assertions="1" time="0.030583"/>
        <testcase name="upsertNoteCorrection() rejette une requête sans contenu (validation)" file="tests\Feature\ClasseNoteCorrectionTest.php::upsertNoteCorrection() rejette une requête sans contenu (validation)" class="Tests\Feature\ClasseNoteCorrectionTest" classname="Tests.Feature.ClasseNoteCorrectionTest" assertions="2" time="0.032422"/>
        <testcase name="destroyNoteCorrection() supprime la correction et met à jour le HTML de la note" file="tests\Feature\ClasseNoteCorrectionTest.php::destroyNoteCorrection() supprime la correction et met à jour le HTML de la note" class="Tests\Feature\ClasseNoteCorrectionTest" classname="Tests.Feature.ClasseNoteCorrectionTest" assertions="3" time="0.037010"/>
        <testcase name="destroyNoteCorrection() refuse un étudiant (redirigé — middleware rôle)" file="tests\Feature\ClasseNoteCorrectionTest.php::destroyNoteCorrection() refuse un étudiant (redirigé — middleware rôle)" class="Tests\Feature\ClasseNoteCorrectionTest" classname="Tests.Feature.ClasseNoteCorrectionTest" assertions="2" time="0.029591"/>
        <testcase name="destroyNoteCorrection() retourne 404 si la correction n'appartient pas à la note" file="tests\Feature\ClasseNoteCorrectionTest.php::destroyNoteCorrection() retourne 404 si la correction n'appartient pas à la note" class="Tests\Feature\ClasseNoteCorrectionTest" classname="Tests.Feature.ClasseNoteCorrectionTest" assertions="1" time="0.035025"/>
      </testsuite>
      <testsuite name="Tests\Feature\ClasseTest" file="tests\Feature\ClasseTest.php" tests="5" assertions="7" errors="0" failures="0" skipped="0" time="0.200742">
        <testcase name="store cree une section pour le cours" file="tests\Feature\ClasseTest.php::store cree une section pour le cours" class="Tests\Feature\ClasseTest" classname="Tests.Feature.ClasseTest" assertions="2" time="0.048831"/>
        <testcase name="store refuse un etudiant non autorise" file="tests\Feature\ClasseTest.php::store refuse un etudiant non autorise" class="Tests\Feature\ClasseTest" classname="Tests.Feature.ClasseTest" assertions="1" time="0.044299"/>
        <testcase name="show retourne 404 quand la classe ne correspond pas au cours" file="tests\Feature\ClasseTest.php::show retourne 404 quand la classe ne correspond pas au cours" class="Tests\Feature\ClasseTest" classname="Tests.Feature.ClasseTest" assertions="1" time="0.034880"/>
        <testcase name="show est accessible a un etudiant inscrit dans la section" file="tests\Feature\ClasseTest.php::show est accessible a un etudiant inscrit dans la section" class="Tests\Feature\ClasseTest" classname="Tests.Feature.ClasseTest" assertions="1" time="0.040311"/>
        <testcase name="destroy supprime la section pour l enseignant du cours" file="tests\Feature\ClasseTest.php::destroy supprime la section pour l enseignant du cours" class="Tests\Feature\ClasseTest" classname="Tests.Feature.ClasseTest" assertions="2" time="0.032421"/>
      </testsuite>
      <testsuite name="Tests\Feature\ConsentementVideoTest" file="tests\Feature\ConsentementVideoTest.php" tests="5" assertions="9" errors="0" failures="0" skipped="0" time="0.183252">
        <testcase name="un étudiant membre peut enregistrer son consentement" file="tests\Feature\ConsentementVideoTest.php::un étudiant membre peut enregistrer son consentement" class="Tests\Feature\ConsentementVideoTest" classname="Tests.Feature.ConsentementVideoTest" assertions="2" time="0.044432"/>
        <testcase name="le consentement est mis à jour si l'étudiant soumet à nouveau" file="tests\Feature\ConsentementVideoTest.php::le consentement est mis à jour si l'étudiant soumet à nouveau" class="Tests\Feature\ConsentementVideoTest" classname="Tests.Feature.ConsentementVideoTest" assertions="2" time="0.034460"/>
        <testcase name="une personne âgée assignée au groupe peut enregistrer son consentement" file="tests\Feature\ConsentementVideoTest.php::une personne âgée assignée au groupe peut enregistrer son consentement" class="Tests\Feature\ConsentementVideoTest" classname="Tests.Feature.ConsentementVideoTest" assertions="2" time="0.035160"/>
        <testcase name="un utilisateur non membre du groupe ne peut pas enregistrer de consentement" file="tests\Feature\ConsentementVideoTest.php::un utilisateur non membre du groupe ne peut pas enregistrer de consentement" class="Tests\Feature\ConsentementVideoTest" classname="Tests.Feature.ConsentementVideoTest" assertions="1" time="0.031268"/>
        <testcase name="signed_at est rempli quand accepte est vrai, null sinon" file="tests\Feature\ConsentementVideoTest.php::signed_at est rempli quand accepte est vrai, null sinon" class="Tests\Feature\ConsentementVideoTest" classname="Tests.Feature.ConsentementVideoTest" assertions="2" time="0.037932"/>
      </testsuite>
      <testsuite name="Tests\Feature\CoursLienEntrevueTest" file="tests\Feature\CoursLienEntrevueTest.php" tests="9" assertions="17" errors="0" failures="0" skipped="0" time="0.276855">
        <testcase name="l'enseignant peut ajouter un lien d'entrevue à son cours" file="tests\Feature\CoursLienEntrevueTest.php::l'enseignant peut ajouter un lien d'entrevue à son cours" class="Tests\Feature\CoursLienEntrevueTest" classname="Tests.Feature.CoursLienEntrevueTest" assertions="2" time="0.043077"/>
        <testcase name="l'ordre est incrémenté automatiquement à l'ajout" file="tests\Feature\CoursLienEntrevueTest.php::l'ordre est incrémenté automatiquement à l'ajout" class="Tests\Feature\CoursLienEntrevueTest" classname="Tests.Feature.CoursLienEntrevueTest" assertions="2" time="0.031674"/>
        <testcase name="store rejette une URL invalide" file="tests\Feature\CoursLienEntrevueTest.php::store rejette une URL invalide" class="Tests\Feature\CoursLienEntrevueTest" classname="Tests.Feature.CoursLienEntrevueTest" assertions="2" time="0.027726"/>
        <testcase name="un enseignant d'un autre cours ne peut pas ajouter de liens" file="tests\Feature\CoursLienEntrevueTest.php::un enseignant d'un autre cours ne peut pas ajouter de liens" class="Tests\Feature\CoursLienEntrevueTest" classname="Tests.Feature.CoursLienEntrevueTest" assertions="1" time="0.029309"/>
        <testcase name="l'enseignant peut modifier un lien d'entrevue" file="tests\Feature\CoursLienEntrevueTest.php::l'enseignant peut modifier un lien d'entrevue" class="Tests\Feature\CoursLienEntrevueTest" classname="Tests.Feature.CoursLienEntrevueTest" assertions="2" time="0.026121"/>
        <testcase name="l'enseignant peut supprimer un lien d'entrevue" file="tests\Feature\CoursLienEntrevueTest.php::l'enseignant peut supprimer un lien d'entrevue" class="Tests\Feature\CoursLienEntrevueTest" classname="Tests.Feature.CoursLienEntrevueTest" assertions="2" time="0.032995"/>
        <testcase name="la suppression renumérote les liens restants" file="tests\Feature\CoursLienEntrevueTest.php::la suppression renumérote les liens restants" class="Tests\Feature\CoursLienEntrevueTest" classname="Tests.Feature.CoursLienEntrevueTest" assertions="2" time="0.031504"/>
        <testcase name="l'enseignant peut réordonner les liens d'entrevue" file="tests\Feature\CoursLienEntrevueTest.php::l'enseignant peut réordonner les liens d'entrevue" class="Tests\Feature\CoursLienEntrevueTest" classname="Tests.Feature.CoursLienEntrevueTest" assertions="3" time="0.026840"/>
        <testcase name="un enseignant ne peut pas modifier un lien appartenant à un autre cours" file="tests\Feature\CoursLienEntrevueTest.php::un enseignant ne peut pas modifier un lien appartenant à un autre cours" class="Tests\Feature\CoursLienEntrevueTest" classname="Tests.Feature.CoursLienEntrevueTest" assertions="1" time="0.027607"/>
      </testsuite>
      <testsuite name="Tests\Feature\DashboardTest" file="tests\Feature\DashboardTest.php" tests="2" assertions="4" errors="0" failures="0" skipped="0" time="0.058917">
        <testcase name="guests are redirected to the login page" file="tests\Feature\DashboardTest.php::guests are redirected to the login page" class="Tests\Feature\DashboardTest" classname="Tests.Feature.DashboardTest" assertions="2" time="0.025257"/>
        <testcase name="authenticated users are redirected from the dashboard according to their role" file="tests\Feature\DashboardTest.php::authenticated users are redirected from the dashboard according to their role" class="Tests\Feature\DashboardTest" classname="Tests.Feature.DashboardTest" assertions="2" time="0.033659"/>
      </testsuite>
      <testsuite name="Tests\Feature\EcheancierTest" file="tests\Feature\EcheancierTest.php" tests="2" assertions="5" errors="0" failures="0" skipped="0" time="0.078936">
        <testcase name="destroyAll() supprime toutes les étapes de la classe" file="tests\Feature\EcheancierTest.php::destroyAll() supprime toutes les étapes de la classe" class="Tests\Feature\EcheancierTest" classname="Tests.Feature.EcheancierTest" assertions="3" time="0.038943"/>
        <testcase name="destroyAll() ne supprime pas les étapes des autres cours" file="tests\Feature\EcheancierTest.php::destroyAll() ne supprime pas les étapes des autres cours" class="Tests\Feature\EcheancierTest" classname="Tests.Feature.EcheancierTest" assertions="2" time="0.039994"/>
      </testsuite>
      <testsuite name="Tests\Feature\EntrevueConceptTest" file="tests\Feature\EntrevueConceptTest.php" tests="16" assertions="39" errors="0" failures="0" skipped="0" time="0.716689">
        <testcase name="un membre peut créer un concept dans une section entrevue" file="tests\Feature\EntrevueConceptTest.php::un membre peut créer un concept dans une section entrevue" class="Tests\Feature\EntrevueConceptTest" classname="Tests.Feature.EntrevueConceptTest" assertions="5" time="0.050816"/>
        <testcase name="l'ordre s'incrémente automatiquement" file="tests\Feature\EntrevueConceptTest.php::l'ordre s'incrémente automatiquement" class="Tests\Feature\EntrevueConceptTest" classname="Tests.Feature.EntrevueConceptTest" assertions="2" time="0.051301"/>
        <testcase name="un non-membre ne peut pas créer un concept (403)" file="tests\Feature\EntrevueConceptTest.php::un non-membre ne peut pas créer un concept (403)" class="Tests\Feature\EntrevueConceptTest" classname="Tests.Feature.EntrevueConceptTest" assertions="1" time="0.046973"/>
        <testcase name="une section de type texte refuse la création de concepts (422)" file="tests\Feature\EntrevueConceptTest.php::une section de type texte refuse la création de concepts (422)" class="Tests\Feature\EntrevueConceptTest" classname="Tests.Feature.EntrevueConceptTest" assertions="1" time="0.038490"/>
        <testcase name="un document verrouillé refuse la création de concepts (403)" file="tests\Feature\EntrevueConceptTest.php::un document verrouillé refuse la création de concepts (403)" class="Tests\Feature\EntrevueConceptTest" classname="Tests.Feature.EntrevueConceptTest" assertions="1" time="0.059263"/>
        <testcase name="un membre peut mettre à jour le label d'un concept" file="tests\Feature\EntrevueConceptTest.php::un membre peut mettre à jour le label d'un concept" class="Tests\Feature\EntrevueConceptTest" classname="Tests.Feature.EntrevueConceptTest" assertions="3" time="0.043244"/>
        <testcase name="un concept d'une autre section est refusé à la mise à jour (404)" file="tests\Feature\EntrevueConceptTest.php::un concept d'une autre section est refusé à la mise à jour (404)" class="Tests\Feature\EntrevueConceptTest" classname="Tests.Feature.EntrevueConceptTest" assertions="1" time="0.037228"/>
        <testcase name="un membre peut supprimer un concept" file="tests\Feature\EntrevueConceptTest.php::un membre peut supprimer un concept" class="Tests\Feature\EntrevueConceptTest" classname="Tests.Feature.EntrevueConceptTest" assertions="3" time="0.034615"/>
        <testcase name="supprimer un concept réordonne les suivants" file="tests\Feature\EntrevueConceptTest.php::supprimer un concept réordonne les suivants" class="Tests\Feature\EntrevueConceptTest" classname="Tests.Feature.EntrevueConceptTest" assertions="2" time="0.036018"/>
        <testcase name="un membre peut réordonner les concepts" file="tests\Feature\EntrevueConceptTest.php::un membre peut réordonner les concepts" class="Tests\Feature\EntrevueConceptTest" classname="Tests.Feature.EntrevueConceptTest" assertions="4" time="0.047243"/>
        <testcase name="un membre peut ajouter une ligne à un concept" file="tests\Feature\EntrevueConceptTest.php::un membre peut ajouter une ligne à un concept" class="Tests\Feature\EntrevueConceptTest" classname="Tests.Feature.EntrevueConceptTest" assertions="4" time="0.062500"/>
        <testcase name="un membre peut mettre à jour une ligne (dimension/indicateur/questions)" file="tests\Feature\EntrevueConceptTest.php::un membre peut mettre à jour une ligne (dimension/indicateur/questions)" class="Tests\Feature\EntrevueConceptTest" classname="Tests.Feature.EntrevueConceptTest" assertions="5" time="0.050169"/>
        <testcase name="une ligne appartenant à un autre concept est refusée (404)" file="tests\Feature\EntrevueConceptTest.php::une ligne appartenant à un autre concept est refusée (404)" class="Tests\Feature\EntrevueConceptTest" classname="Tests.Feature.EntrevueConceptTest" assertions="1" time="0.040606"/>
        <testcase name="un membre peut supprimer une ligne" file="tests\Feature\EntrevueConceptTest.php::un membre peut supprimer une ligne" class="Tests\Feature\EntrevueConceptTest" classname="Tests.Feature.EntrevueConceptTest" assertions="3" time="0.037899"/>
        <testcase name="supprimer une ligne réordonne les suivantes" file="tests\Feature\EntrevueConceptTest.php::supprimer une ligne réordonne les suivantes" class="Tests\Feature\EntrevueConceptTest" classname="Tests.Feature.EntrevueConceptTest" assertions="2" time="0.046644"/>
        <testcase name="un type de projet d'un autre enseignant est refusé (404)" file="tests\Feature\EntrevueConceptTest.php::un type de projet d'un autre enseignant est refusé (404)" class="Tests\Feature\EntrevueConceptTest" classname="Tests.Feature.EntrevueConceptTest" assertions="1" time="0.033679"/>
      </testsuite>
      <testsuite name="Tests\Feature\EtablissementTest" file="tests\Feature\EtablissementTest.php" tests="12" assertions="49" errors="0" failures="0" skipped="0" time="0.398141">
        <testcase name="admin peut créer un établissement" file="tests\Feature\EtablissementTest.php::admin peut créer un établissement" class="Tests\Feature\EtablissementTest" classname="Tests.Feature.EtablissementTest" assertions="2" time="0.041527"/>
        <testcase name="admin peut modifier un établissement" file="tests\Feature\EtablissementTest.php::admin peut modifier un établissement" class="Tests\Feature\EtablissementTest" classname="Tests.Feature.EtablissementTest" assertions="2" time="0.027144"/>
        <testcase name="admin peut supprimer un établissement" file="tests\Feature\EtablissementTest.php::admin peut supprimer un établissement" class="Tests\Feature\EtablissementTest" classname="Tests.Feature.EtablissementTest" assertions="2" time="0.026339"/>
        <testcase name="non-admin ne peut pas acceder aux routes etablissements" file="tests\Feature\EtablissementTest.php::non-admin ne peut pas acceder aux routes etablissements" class="Tests\Feature\EtablissementTest" classname="Tests.Feature.EtablissementTest" assertions="2" time="0.025476"/>
        <testcase name="creation etablissement echoue sans nom" file="tests\Feature\EtablissementTest.php::creation etablissement echoue sans nom" class="Tests\Feature\EtablissementTest" classname="Tests.Feature.EtablissementTest" assertions="2" time="0.028557"/>
        <testcase name="thematique creee par un enseignant herite de son etablissement" file="tests\Feature\EtablissementTest.php::thematique creee par un enseignant herite de son etablissement" class="Tests\Feature\EtablissementTest" classname="Tests.Feature.EtablissementTest" assertions="2" time="0.032377"/>
        <testcase name="enseignant voit les thematiques de tout son cegep" file="tests\Feature\EtablissementTest.php::enseignant voit les thematiques de tout son cegep" class="Tests\Feature\EtablissementTest" classname="Tests.Feature.EtablissementTest" assertions="9" time="0.040678"/>
        <testcase name="enseignant ne voit pas les thematiques d_un autre cegep" file="tests\Feature\EtablissementTest.php::enseignant ne voit pas les thematiques d_un autre cegep" class="Tests\Feature\EtablissementTest" classname="Tests.Feature.EtablissementTest" assertions="9" time="0.059602"/>
        <testcase name="pa peut s_inscrire avec un etablissement valide" file="tests\Feature\EtablissementTest.php::pa peut s_inscrire avec un etablissement valide" class="Tests\Feature\EtablissementTest" classname="Tests.Feature.EtablissementTest" assertions="6" time="0.035829"/>
        <testcase name="pa ne peut pas s_inscrire sans etablissement" file="tests\Feature\EtablissementTest.php::pa ne peut pas s_inscrire sans etablissement" class="Tests\Feature\EtablissementTest" classname="Tests.Feature.EtablissementTest" assertions="2" time="0.020185"/>
        <testcase name="page inscription temoin retourne les etablissements" file="tests\Feature\EtablissementTest.php::page inscription temoin retourne les etablissements" class="Tests\Feature\EtablissementTest" classname="Tests.Feature.EtablissementTest" assertions="9" time="0.032934"/>
        <testcase name="supprimer un etablissement met etablissement_id a null sur les users" file="tests\Feature\EtablissementTest.php::supprimer un etablissement met etablissement_id a null sur les users" class="Tests\Feature\EtablissementTest" classname="Tests.Feature.EtablissementTest" assertions="2" time="0.027492"/>
      </testsuite>
      <testsuite name="Tests\Feature\ExampleTest" file="tests\Feature\ExampleTest.php" tests="1" assertions="2" errors="0" failures="0" skipped="0" time="0.032152">
        <testcase name="la page home redirige les visiteurs non connectés vers login" file="tests\Feature\ExampleTest.php::la page home redirige les visiteurs non connectés vers login" class="Tests\Feature\ExampleTest" classname="Tests.Feature.ExampleTest" assertions="2" time="0.032152"/>
      </testsuite>
      <testsuite name="Tests\Feature\ExportProjetFlagsTest" file="tests\Feature\ExportProjetFlagsTest.php" tests="14" assertions="29" errors="0" failures="0" skipped="0" time="0.618562">
        <testcase name="mettre generer_page_titre à false via PUT persiste bien false en base" file="tests\Feature\ExportProjetFlagsTest.php::mettre generer_page_titre à false via PUT persiste bien false en base" class="Tests\Feature\ExportProjetFlagsTest" classname="Tests.Feature.ExportProjetFlagsTest" assertions="2" time="0.028507"/>
        <testcase name="mettre generer_table_matieres à false via PUT persiste bien false en base" file="tests\Feature\ExportProjetFlagsTest.php::mettre generer_table_matieres à false via PUT persiste bien false en base" class="Tests\Feature\ExportProjetFlagsTest" classname="Tests.Feature.ExportProjetFlagsTest" assertions="2" time="0.028633"/>
        <testcase name="désactiver les deux flags simultanément persiste en base" file="tests\Feature\ExportProjetFlagsTest.php::désactiver les deux flags simultanément persiste en base" class="Tests\Feature\ExportProjetFlagsTest" classname="Tests.Feature.ExportProjetFlagsTest" assertions="2" time="0.029333"/>
        <testcase name="la vue export blade n'inclut pas la page titre quand generer_page_titre est false et contenu vide" file="tests\Feature\ExportProjetFlagsTest.php::la vue export blade n'inclut pas la page titre quand generer_page_titre est false et contenu vide" class="Tests\Feature\ExportProjetFlagsTest" classname="Tests.Feature.ExportProjetFlagsTest" assertions="1" time="0.035621"/>
        <testcase name="la vue export blade inclut la page titre quand generer_page_titre est true" file="tests\Feature\ExportProjetFlagsTest.php::la vue export blade inclut la page titre quand generer_page_titre est true" class="Tests\Feature\ExportProjetFlagsTest" classname="Tests.Feature.ExportProjetFlagsTest" assertions="1" time="0.066021"/>
        <testcase name="la vue export blade n'inclut pas la table des matières quand generer_table_matieres est false et contenu vide" file="tests\Feature\ExportProjetFlagsTest.php::la vue export blade n'inclut pas la table des matières quand generer_table_matieres est false et contenu vide" class="Tests\Feature\ExportProjetFlagsTest" classname="Tests.Feature.ExportProjetFlagsTest" assertions="1" time="0.030932"/>
        <testcase name="la vue blade inclut le contenu manuel de la page titre quand generer_page_titre est false" file="tests\Feature\ExportProjetFlagsTest.php::la vue blade inclut le contenu manuel de la page titre quand generer_page_titre est false" class="Tests\Feature\ExportProjetFlagsTest" classname="Tests.Feature.ExportProjetFlagsTest" assertions="2" time="0.034291"/>
        <testcase name="la vue blade inclut le contenu manuel de la table des matières quand generer_table_matieres est false" file="tests\Feature\ExportProjetFlagsTest.php::la vue blade inclut le contenu manuel de la table des matières quand generer_table_matieres est false" class="Tests\Feature\ExportProjetFlagsTest" classname="Tests.Feature.ExportProjetFlagsTest" assertions="2" time="0.030782"/>
        <testcase name="PUT projet persiste page_titre_contenu en base" file="tests\Feature\ExportProjetFlagsTest.php::PUT projet persiste page_titre_contenu en base" class="Tests\Feature\ExportProjetFlagsTest" classname="Tests.Feature.ExportProjetFlagsTest" assertions="2" time="0.037747"/>
        <testcase name="PUT projet persiste table_matieres_contenu en base" file="tests\Feature\ExportProjetFlagsTest.php::PUT projet persiste table_matieres_contenu en base" class="Tests\Feature\ExportProjetFlagsTest" classname="Tests.Feature.ExportProjetFlagsTest" assertions="2" time="0.046907"/>
        <testcase name="l'export PDF retourne 200 avec contenu page titre manuel" file="tests\Feature\ExportProjetFlagsTest.php::l'export PDF retourne 200 avec contenu page titre manuel" class="Tests\Feature\ExportProjetFlagsTest" classname="Tests.Feature.ExportProjetFlagsTest" assertions="3" time="0.102122"/>
        <testcase name="l'export Word retourne 200 avec contenu table des matières manuel" file="tests\Feature\ExportProjetFlagsTest.php::l'export Word retourne 200 avec contenu table des matières manuel" class="Tests\Feature\ExportProjetFlagsTest" classname="Tests.Feature.ExportProjetFlagsTest" assertions="3" time="0.049441"/>
        <testcase name="l'export PDF retourne 200 quand les deux flags sont désactivés" file="tests\Feature\ExportProjetFlagsTest.php::l'export PDF retourne 200 quand les deux flags sont désactivés" class="Tests\Feature\ExportProjetFlagsTest" classname="Tests.Feature.ExportProjetFlagsTest" assertions="3" time="0.059224"/>
        <testcase name="l'export Word retourne 200 quand les deux flags sont désactivés" file="tests\Feature\ExportProjetFlagsTest.php::l'export Word retourne 200 quand les deux flags sont désactivés" class="Tests\Feature\ExportProjetFlagsTest" classname="Tests.Feature.ExportProjetFlagsTest" assertions="3" time="0.039000"/>
      </testsuite>
      <testsuite name="Tests\Feature\GrilleCorrectionTest" file="tests\Feature\GrilleCorrectionTest.php" tests="14" assertions="28" errors="0" failures="0" skipped="0" time="0.509182">
        <testcase name="l'enseignant peut accéder à la page de gestion de la grille de son type de projet" file="tests\Feature\GrilleCorrectionTest.php::l'enseignant peut accéder à la page de gestion de la grille de son type de projet" class="Tests\Feature\GrilleCorrectionTest" classname="Tests.Feature.GrilleCorrectionTest" assertions="7" time="0.060213"/>
        <testcase name="un enseignant ne peut pas accéder à la grille d'un type de projet qui ne lui appartient pas" file="tests\Feature\GrilleCorrectionTest.php::un enseignant ne peut pas accéder à la grille d'un type de projet qui ne lui appartient pas" class="Tests\Feature\GrilleCorrectionTest" classname="Tests.Feature.GrilleCorrectionTest" assertions="1" time="0.032961"/>
        <testcase name="un étudiant est redirigé depuis la page de gestion de la grille (rôle insuffisant)" file="tests\Feature\GrilleCorrectionTest.php::un étudiant est redirigé depuis la page de gestion de la grille (rôle insuffisant)" class="Tests\Feature\GrilleCorrectionTest" classname="Tests.Feature.GrilleCorrectionTest" assertions="1" time="0.032503"/>
        <testcase name="l'enseignant peut créer une grille de correction pour son type de projet" file="tests\Feature\GrilleCorrectionTest.php::l'enseignant peut créer une grille de correction pour son type de projet" class="Tests\Feature\GrilleCorrectionTest" classname="Tests.Feature.GrilleCorrectionTest" assertions="4" time="0.035425"/>
        <testcase name="l'enseignant peut créer une grille avec des malus" file="tests\Feature\GrilleCorrectionTest.php::l'enseignant peut créer une grille avec des malus" class="Tests\Feature\GrilleCorrectionTest" classname="Tests.Feature.GrilleCorrectionTest" assertions="2" time="0.030606"/>
        <testcase name="la somme des pondérations doit être exactement 100" file="tests\Feature\GrilleCorrectionTest.php::la somme des pondérations doit être exactement 100" class="Tests\Feature\GrilleCorrectionTest" classname="Tests.Feature.GrilleCorrectionTest" assertions="1" time="0.032065"/>
        <testcase name="chaque critère doit avoir un libellé non vide" file="tests\Feature\GrilleCorrectionTest.php::chaque critère doit avoir un libellé non vide" class="Tests\Feature\GrilleCorrectionTest" classname="Tests.Feature.GrilleCorrectionTest" assertions="1" time="0.027562"/>
        <testcase name="la liste de critères ne peut pas être vide" file="tests\Feature\GrilleCorrectionTest.php::la liste de critères ne peut pas être vide" class="Tests\Feature\GrilleCorrectionTest" classname="Tests.Feature.GrilleCorrectionTest" assertions="1" time="0.038344"/>
        <testcase name="l'enseignant ne peut pas créer une seconde grille si le type de projet en a déjà une" file="tests\Feature\GrilleCorrectionTest.php::l'enseignant ne peut pas créer une seconde grille si le type de projet en a déjà une" class="Tests\Feature\GrilleCorrectionTest" classname="Tests.Feature.GrilleCorrectionTest" assertions="1" time="0.033080"/>
        <testcase name="l'enseignant peut modifier la grille de son type de projet" file="tests\Feature\GrilleCorrectionTest.php::l'enseignant peut modifier la grille de son type de projet" class="Tests\Feature\GrilleCorrectionTest" classname="Tests.Feature.GrilleCorrectionTest" assertions="3" time="0.036964"/>
        <testcase name="un critère retiré lors de la mise à jour est supprimé de la base" file="tests\Feature\GrilleCorrectionTest.php::un critère retiré lors de la mise à jour est supprimé de la base" class="Tests\Feature\GrilleCorrectionTest" classname="Tests.Feature.GrilleCorrectionTest" assertions="2" time="0.046620"/>
        <testcase name="un enseignant ne peut pas modifier la grille d'un type de projet qui ne lui appartient pas" file="tests\Feature\GrilleCorrectionTest.php::un enseignant ne peut pas modifier la grille d'un type de projet qui ne lui appartient pas" class="Tests\Feature\GrilleCorrectionTest" classname="Tests.Feature.GrilleCorrectionTest" assertions="1" time="0.030236"/>
        <testcase name="l'enseignant peut supprimer la grille de son type de projet" file="tests\Feature\GrilleCorrectionTest.php::l'enseignant peut supprimer la grille de son type de projet" class="Tests\Feature\GrilleCorrectionTest" classname="Tests.Feature.GrilleCorrectionTest" assertions="2" time="0.037902"/>
        <testcase name="un enseignant ne peut pas supprimer la grille d'un type de projet qui ne lui appartient pas" file="tests\Feature\GrilleCorrectionTest.php::un enseignant ne peut pas supprimer la grille d'un type de projet qui ne lui appartient pas" class="Tests\Feature\GrilleCorrectionTest" classname="Tests.Feature.GrilleCorrectionTest" assertions="1" time="0.034701"/>
      </testsuite>
      <testsuite name="Tests\Feature\GroupeIndexTest" file="tests\Feature\GroupeIndexTest.php" tests="9" assertions="42" errors="0" failures="0" skipped="0" time="0.457453">
        <testcase name="étudiant avec groupe est redirigé vers groupes show" file="tests\Feature\GroupeIndexTest.php::étudiant avec groupe est redirigé vers groupes show" class="Tests\Feature\GroupeIndexTest" classname="Tests.Feature.GroupeIndexTest" assertions="2" time="0.066482"/>
        <testcase name="étudiant sans groupe voit la page de création" file="tests\Feature\GroupeIndexTest.php::étudiant sans groupe voit la page de création" class="Tests\Feature\GroupeIndexTest" classname="Tests.Feature.GroupeIndexTest" assertions="13" time="0.042100"/>
        <testcase name="étudiant non inscrit ne peut pas accéder à groupes index" file="tests\Feature\GroupeIndexTest.php::étudiant non inscrit ne peut pas accéder à groupes index" class="Tests\Feature\GroupeIndexTest" classname="Tests.Feature.GroupeIndexTest" assertions="1" time="0.029066"/>
        <testcase name="cours et classe incompatibles renvoient 404" file="tests\Feature\GroupeIndexTest.php::cours et classe incompatibles renvoient 404" class="Tests\Feature\GroupeIndexTest" classname="Tests.Feature.GroupeIndexTest" assertions="1" time="0.033614"/>
        <testcase name="la route etudiant.index redirige vers cours.index" file="tests\Feature\GroupeIndexTest.php::la route etudiant.index redirige vers cours.index" class="Tests\Feature\GroupeIndexTest" classname="Tests.Feature.GroupeIndexTest" assertions="2" time="0.026731"/>
        <testcase name="index exclut les étudiants déjà dans un groupe de autresEtudiants" file="tests\Feature\GroupeIndexTest.php::index exclut les étudiants déjà dans un groupe de autresEtudiants" class="Tests\Feature\GroupeIndexTest" classname="Tests.Feature.GroupeIndexTest" assertions="10" time="0.083530"/>
        <testcase name="store ignore les membres déjà dans un autre groupe" file="tests\Feature\GroupeIndexTest.php::store ignore les membres déjà dans un autre groupe" class="Tests\Feature\GroupeIndexTest" classname="Tests.Feature.GroupeIndexTest" assertions="2" time="0.072402"/>
        <testcase name="show exclut de etudiantsDispo les étudiants dans un autre groupe" file="tests\Feature\GroupeIndexTest.php::show exclut de etudiantsDispo les étudiants dans un autre groupe" class="Tests\Feature\GroupeIndexTest" classname="Tests.Feature.GroupeIndexTest" assertions="10" time="0.063704"/>
        <testcase name="updateMembres ignore les étudiants déjà dans un autre groupe" file="tests\Feature\GroupeIndexTest.php::updateMembres ignore les étudiants déjà dans un autre groupe" class="Tests\Feature\GroupeIndexTest" classname="Tests.Feature.GroupeIndexTest" assertions="1" time="0.039823"/>
      </testsuite>
      <testsuite name="Tests\Feature\PersonneAgee\AdminApprobationTest" file="tests\Feature\PersonneAgee\AdminApprobationTest.php" tests="12" assertions="63" errors="0" failures="0" skipped="0" time="0.451248">
        <testcase name="un admin peut approuver un témoin en attente" file="tests\Feature\PersonneAgee\AdminApprobationTest.php::un admin peut approuver un témoin en attente" class="Tests\Feature\PersonneAgee\AdminApprobationTest" classname="Tests.Feature.PersonneAgee.AdminApprobationTest" assertions="3" time="0.035534"/>
        <testcase name="un non-admin est redirigé s'il tente d'approuver un témoin" file="tests\Feature\PersonneAgee\AdminApprobationTest.php::un non-admin est redirigé s'il tente d'approuver un témoin" class="Tests\Feature\PersonneAgee\AdminApprobationTest" classname="Tests.Feature.PersonneAgee.AdminApprobationTest" assertions="2" time="0.025604"/>
        <testcase name="on ne peut pas approuver un utilisateur qui n'est pas personne_agee" file="tests\Feature\PersonneAgee\AdminApprobationTest.php::on ne peut pas approuver un utilisateur qui n'est pas personne_agee" class="Tests\Feature\PersonneAgee\AdminApprobationTest" classname="Tests.Feature.PersonneAgee.AdminApprobationTest" assertions="1" time="0.027295"/>
        <testcase name="on ne peut pas approuver un témoin déjà actif" file="tests\Feature\PersonneAgee\AdminApprobationTest.php::on ne peut pas approuver un témoin déjà actif" class="Tests\Feature\PersonneAgee\AdminApprobationTest" classname="Tests.Feature.PersonneAgee.AdminApprobationTest" assertions="1" time="0.031116"/>
        <testcase name="un invité ne peut pas approuver un témoin" file="tests\Feature\PersonneAgee\AdminApprobationTest.php::un invité ne peut pas approuver un témoin" class="Tests\Feature\PersonneAgee\AdminApprobationTest" classname="Tests.Feature.PersonneAgee.AdminApprobationTest" assertions="2" time="0.024771"/>
        <testcase name="le panneau admin affiche les témoins en attente" file="tests\Feature\PersonneAgee\AdminApprobationTest.php::le panneau admin affiche les témoins en attente" class="Tests\Feature\PersonneAgee\AdminApprobationTest" classname="Tests.Feature.PersonneAgee.AdminApprobationTest" assertions="11" time="0.058023"/>
        <testcase name="les témoins actifs n'apparaissent pas dans la liste en attente" file="tests\Feature\PersonneAgee\AdminApprobationTest.php::les témoins actifs n'apparaissent pas dans la liste en attente" class="Tests\Feature\PersonneAgee\AdminApprobationTest" classname="Tests.Feature.PersonneAgee.AdminApprobationTest" assertions="9" time="0.054390"/>
        <testcase name="une personne âgée approuvée accède à sa page d'accueil" file="tests\Feature\PersonneAgee\AdminApprobationTest.php::une personne âgée approuvée accède à sa page d'accueil" class="Tests\Feature\PersonneAgee\AdminApprobationTest" classname="Tests.Feature.PersonneAgee.AdminApprobationTest" assertions="8" time="0.044738"/>
        <testcase name="un étudiant ne peut pas accéder à la page personne âgée" file="tests\Feature\PersonneAgee\AdminApprobationTest.php::un étudiant ne peut pas accéder à la page personne âgée" class="Tests\Feature\PersonneAgee\AdminApprobationTest" classname="Tests.Feature.PersonneAgee.AdminApprobationTest" assertions="2" time="0.037045"/>
        <testcase name="le dashboard redirige une PA approuvée vers sa page" file="tests\Feature\PersonneAgee\AdminApprobationTest.php::le dashboard redirige une PA approuvée vers sa page" class="Tests\Feature\PersonneAgee\AdminApprobationTest" classname="Tests.Feature.PersonneAgee.AdminApprobationTest" assertions="2" time="0.029999"/>
        <testcase name="le panneau admin expose thematiques_choisies pour les PA en attente" file="tests\Feature\PersonneAgee\AdminApprobationTest.php::le panneau admin expose thematiques_choisies pour les PA en attente" class="Tests\Feature\PersonneAgee\AdminApprobationTest" classname="Tests.Feature.PersonneAgee.AdminApprobationTest" assertions="13" time="0.040539"/>
        <testcase name="le panneau admin expose theme_libre depuis le pivot user_etablissement" file="tests\Feature\PersonneAgee\AdminApprobationTest.php::le panneau admin expose theme_libre depuis le pivot user_etablissement" class="Tests\Feature\PersonneAgee\AdminApprobationTest" classname="Tests.Feature.PersonneAgee.AdminApprobationTest" assertions="9" time="0.042192"/>
      </testsuite>
      <testsuite name="Tests\Feature\PersonneAgee\DeclinerTemoinTest" file="tests\Feature\PersonneAgee\DeclinerTemoinTest.php" tests="9" assertions="27" errors="0" failures="0" skipped="0" time="0.313916">
        <testcase name="un admin peut décliner un témoin en attente" file="tests\Feature\PersonneAgee\DeclinerTemoinTest.php::un admin peut décliner un témoin en attente" class="Tests\Feature\PersonneAgee\DeclinerTemoinTest" classname="Tests.Feature.PersonneAgee.DeclinerTemoinTest" assertions="2" time="0.040707"/>
        <testcase name="un non-admin est redirigé s'il tente de décliner un témoin via admin" file="tests\Feature\PersonneAgee\DeclinerTemoinTest.php::un non-admin est redirigé s'il tente de décliner un témoin via admin" class="Tests\Feature\PersonneAgee\DeclinerTemoinTest" classname="Tests.Feature.PersonneAgee.DeclinerTemoinTest" assertions="2" time="0.026683"/>
        <testcase name="un admin ne peut pas décliner un utilisateur qui n'est pas personne_agee" file="tests\Feature\PersonneAgee\DeclinerTemoinTest.php::un admin ne peut pas décliner un utilisateur qui n'est pas personne_agee" class="Tests\Feature\PersonneAgee\DeclinerTemoinTest" classname="Tests.Feature.PersonneAgee.DeclinerTemoinTest" assertions="1" time="0.027833"/>
        <testcase name="un admin ne peut pas décliner un témoin déjà actif" file="tests\Feature\PersonneAgee\DeclinerTemoinTest.php::un admin ne peut pas décliner un témoin déjà actif" class="Tests\Feature\PersonneAgee\DeclinerTemoinTest" classname="Tests.Feature.PersonneAgee.DeclinerTemoinTest" assertions="1" time="0.036220"/>
        <testcase name="un enseignant peut décliner un témoin lié à ses thématiques" file="tests\Feature\PersonneAgee\DeclinerTemoinTest.php::un enseignant peut décliner un témoin lié à ses thématiques" class="Tests\Feature\PersonneAgee\DeclinerTemoinTest" classname="Tests.Feature.PersonneAgee.DeclinerTemoinTest" assertions="2" time="0.031019"/>
        <testcase name="un enseignant ne peut pas décliner un témoin sans thématique commune" file="tests\Feature\PersonneAgee\DeclinerTemoinTest.php::un enseignant ne peut pas décliner un témoin sans thématique commune" class="Tests\Feature\PersonneAgee\DeclinerTemoinTest" classname="Tests.Feature.PersonneAgee.DeclinerTemoinTest" assertions="1" time="0.029726"/>
        <testcase name="un enseignant ne peut pas décliner un témoin déjà actif" file="tests\Feature\PersonneAgee\DeclinerTemoinTest.php::un enseignant ne peut pas décliner un témoin déjà actif" class="Tests\Feature\PersonneAgee\DeclinerTemoinTest" classname="Tests.Feature.PersonneAgee.DeclinerTemoinTest" assertions="1" time="0.029909"/>
        <testcase name="un invité est redirigé vers /login s'il tente de décliner" file="tests\Feature\PersonneAgee\DeclinerTemoinTest.php::un invité est redirigé vers /login s'il tente de décliner" class="Tests\Feature\PersonneAgee\DeclinerTemoinTest" classname="Tests.Feature.PersonneAgee.DeclinerTemoinTest" assertions="2" time="0.025229"/>
        <testcase name="l'index enseignant expose uniquement les témoins approuvés par cet enseignant" file="tests\Feature\PersonneAgee\DeclinerTemoinTest.php::l'index enseignant expose uniquement les témoins approuvés par cet enseignant" class="Tests\Feature\PersonneAgee\DeclinerTemoinTest" classname="Tests.Feature.PersonneAgee.DeclinerTemoinTest" assertions="15" time="0.066591"/>
      </testsuite>
      <testsuite name="Tests\Feature\PersonneAgee\InscriptionTemoinTest" file="tests\Feature\PersonneAgee\InscriptionTemoinTest.php" tests="24" assertions="52" errors="0" failures="0" skipped="0" time="0.675158">
        <testcase name="la page d'inscription témoin est accessible sans authentification" file="tests\Feature\PersonneAgee\InscriptionTemoinTest.php::la page d'inscription témoin est accessible sans authentification" class="Tests\Feature\PersonneAgee\InscriptionTemoinTest" classname="Tests.Feature.PersonneAgee.InscriptionTemoinTest" assertions="1" time="0.041359"/>
        <testcase name="un utilisateur connecté peut quand même accéder à la page d'inscription" file="tests\Feature\PersonneAgee\InscriptionTemoinTest.php::un utilisateur connecté peut quand même accéder à la page d'inscription" class="Tests\Feature\PersonneAgee\InscriptionTemoinTest" classname="Tests.Feature.PersonneAgee.InscriptionTemoinTest" assertions="1" time="0.033567"/>
        <testcase name="une inscription valide redirige vers la page des engagements" file="tests\Feature\PersonneAgee\InscriptionTemoinTest.php::une inscription valide redirige vers la page des engagements" class="Tests\Feature\PersonneAgee\InscriptionTemoinTest" classname="Tests.Feature.PersonneAgee.InscriptionTemoinTest" assertions="3" time="0.024770"/>
        <testcase name="les données de l'étape 1 sont stockées en session lors d'une soumission valide" file="tests\Feature\PersonneAgee\InscriptionTemoinTest.php::les données de l'étape 1 sont stockées en session lors d'une soumission valide" class="Tests\Feature\PersonneAgee\InscriptionTemoinTest" classname="Tests.Feature.PersonneAgee.InscriptionTemoinTest" assertions="1" time="0.027231"/>
        <testcase name="un email déjà utilisé est rejeté à l'étape 1" file="tests\Feature\PersonneAgee\InscriptionTemoinTest.php::un email déjà utilisé est rejeté à l'étape 1" class="Tests\Feature\PersonneAgee\InscriptionTemoinTest" classname="Tests.Feature.PersonneAgee.InscriptionTemoinTest" assertions="2" time="0.036278"/>
        <testsuite name="les champs obligatoires sont validés à l'étape 1" tests="5" assertions="10" errors="0" failures="0" skipped="0" time="0.116214">
          <testcase name="les champs obligatoires sont validés à l'étape 1 with data set &quot;('prenom')&quot;" file="tests\Feature\PersonneAgee\InscriptionTemoinTest.php::les champs obligatoires sont validés à l'étape 1 with data set &quot;('prenom')&quot;" class="Tests\Feature\PersonneAgee\InscriptionTemoinTest" classname="Tests.Feature.PersonneAgee.InscriptionTemoinTest" assertions="2" time="0.024407"/>
          <testcase name="les champs obligatoires sont validés à l'étape 1 with data set &quot;('nom')&quot;" file="tests\Feature\PersonneAgee\InscriptionTemoinTest.php::les champs obligatoires sont validés à l'étape 1 with data set &quot;('nom')&quot;" class="Tests\Feature\PersonneAgee\InscriptionTemoinTest" classname="Tests.Feature.PersonneAgee.InscriptionTemoinTest" assertions="2" time="0.024117"/>
          <testcase name="les champs obligatoires sont validés à l'étape 1 with data set &quot;('email')&quot;" file="tests\Feature\PersonneAgee\InscriptionTemoinTest.php::les champs obligatoires sont validés à l'étape 1 with data set &quot;('email')&quot;" class="Tests\Feature\PersonneAgee\InscriptionTemoinTest" classname="Tests.Feature.PersonneAgee.InscriptionTemoinTest" assertions="2" time="0.018977"/>
          <testcase name="les champs obligatoires sont validés à l'étape 1 with data set &quot;('password')&quot;" file="tests\Feature\PersonneAgee\InscriptionTemoinTest.php::les champs obligatoires sont validés à l'étape 1 with data set &quot;('password')&quot;" class="Tests\Feature\PersonneAgee\InscriptionTemoinTest" classname="Tests.Feature.PersonneAgee.InscriptionTemoinTest" assertions="2" time="0.026603"/>
          <testcase name="les champs obligatoires sont validés à l'étape 1 with data set &quot;('description')&quot;" file="tests\Feature\PersonneAgee\InscriptionTemoinTest.php::les champs obligatoires sont validés à l'étape 1 with data set &quot;('description')&quot;" class="Tests\Feature\PersonneAgee\InscriptionTemoinTest" classname="Tests.Feature.PersonneAgee.InscriptionTemoinTest" assertions="2" time="0.022110"/>
        </testsuite>
        <testcase name="ni thematique_id ni theme_libre retourne une erreur à l'étape 1" file="tests\Feature\PersonneAgee\InscriptionTemoinTest.php::ni thematique_id ni theme_libre retourne une erreur à l'étape 1" class="Tests\Feature\PersonneAgee\InscriptionTemoinTest" classname="Tests.Feature.PersonneAgee.InscriptionTemoinTest" assertions="2" time="0.032416"/>
        <testcase name="une thematique_id inexistante est rejetée à l'étape 1" file="tests\Feature\PersonneAgee\InscriptionTemoinTest.php::une thematique_id inexistante est rejetée à l'étape 1" class="Tests\Feature\PersonneAgee\InscriptionTemoinTest" classname="Tests.Feature.PersonneAgee.InscriptionTemoinTest" assertions="2" time="0.026513"/>
        <testcase name="les mots de passe non concordants sont rejetés à l'étape 1" file="tests\Feature\PersonneAgee\InscriptionTemoinTest.php::les mots de passe non concordants sont rejetés à l'étape 1" class="Tests\Feature\PersonneAgee\InscriptionTemoinTest" classname="Tests.Feature.PersonneAgee.InscriptionTemoinTest" assertions="2" time="0.027981"/>
        <testcase name="la page des engagements est accessible si la session est présente" file="tests\Feature\PersonneAgee\InscriptionTemoinTest.php::la page des engagements est accessible si la session est présente" class="Tests\Feature\PersonneAgee\InscriptionTemoinTest" classname="Tests.Feature.PersonneAgee.InscriptionTemoinTest" assertions="1" time="0.046760"/>
        <testcase name="la page des engagements redirige vers l'étape 1 si la session est absente" file="tests\Feature\PersonneAgee\InscriptionTemoinTest.php::la page des engagements redirige vers l'étape 1 si la session est absente" class="Tests\Feature\PersonneAgee\InscriptionTemoinTest" classname="Tests.Feature.PersonneAgee.InscriptionTemoinTest" assertions="2" time="0.019378"/>
        <testcase name="une inscription complète en deux étapes crée un utilisateur en_attente avec signature" file="tests\Feature\PersonneAgee\InscriptionTemoinTest.php::une inscription complète en deux étapes crée un utilisateur en_attente avec signature" class="Tests\Feature\PersonneAgee\InscriptionTemoinTest" classname="Tests.Feature.PersonneAgee.InscriptionTemoinTest" assertions="8" time="0.038729"/>
        <testcase name="une inscription avec thématique crée les pivots corrects" file="tests\Feature\PersonneAgee\InscriptionTemoinTest.php::une inscription avec thématique crée les pivots corrects" class="Tests\Feature\PersonneAgee\InscriptionTemoinTest" classname="Tests.Feature.PersonneAgee.InscriptionTemoinTest" assertions="4" time="0.039959"/>
        <testcase name="la session est effacée après la soumission de l'étape 2" file="tests\Feature\PersonneAgee\InscriptionTemoinTest.php::la session est effacée après la soumission de l'étape 2" class="Tests\Feature\PersonneAgee\InscriptionTemoinTest" classname="Tests.Feature.PersonneAgee.InscriptionTemoinTest" assertions="1" time="0.027035"/>
        <testcase name="un engagement manquant est rejeté à l'étape 2" file="tests\Feature\PersonneAgee\InscriptionTemoinTest.php::un engagement manquant est rejeté à l'étape 2" class="Tests\Feature\PersonneAgee\InscriptionTemoinTest" classname="Tests.Feature.PersonneAgee.InscriptionTemoinTest" assertions="2" time="0.022839"/>
        <testcase name="la signature est obligatoire à l'étape 2" file="tests\Feature\PersonneAgee\InscriptionTemoinTest.php::la signature est obligatoire à l'étape 2" class="Tests\Feature\PersonneAgee\InscriptionTemoinTest" classname="Tests.Feature.PersonneAgee.InscriptionTemoinTest" assertions="2" time="0.019981"/>
        <testcase name="la signature doit contenir au moins 3 caractères" file="tests\Feature\PersonneAgee\InscriptionTemoinTest.php::la signature doit contenir au moins 3 caractères" class="Tests\Feature\PersonneAgee\InscriptionTemoinTest" classname="Tests.Feature.PersonneAgee.InscriptionTemoinTest" assertions="2" time="0.016647"/>
        <testcase name="l'étape 2 sans session redirige vers l'étape 1" file="tests\Feature\PersonneAgee\InscriptionTemoinTest.php::l'étape 2 sans session redirige vers l'étape 1" class="Tests\Feature\PersonneAgee\InscriptionTemoinTest" classname="Tests.Feature.PersonneAgee.InscriptionTemoinTest" assertions="2" time="0.017338"/>
        <testcase name="une personne âgée en_attente ne peut pas se connecter" file="tests\Feature\PersonneAgee\InscriptionTemoinTest.php::une personne âgée en_attente ne peut pas se connecter" class="Tests\Feature\PersonneAgee\InscriptionTemoinTest" classname="Tests.Feature.PersonneAgee.InscriptionTemoinTest" assertions="1" time="0.030293"/>
        <testcase name="une personne âgée approuvée peut se connecter et est redirigée vers sa page" file="tests\Feature\PersonneAgee\InscriptionTemoinTest.php::une personne âgée approuvée peut se connecter et est redirigée vers sa page" class="Tests\Feature\PersonneAgee\InscriptionTemoinTest" classname="Tests.Feature.PersonneAgee.InscriptionTemoinTest" assertions="3" time="0.029867"/>
      </testsuite>
      <testsuite name="Tests\Feature\PersonneAgee\ShowTemoinEnseignantTest" file="tests\Feature\PersonneAgee\ShowTemoinEnseignantTest.php" tests="14" assertions="102" errors="0" failures="0" skipped="0" time="0.579523">
        <testcase name="un enseignant peut voir la fiche d'un témoin lié à ses thématiques" file="tests\Feature\PersonneAgee\ShowTemoinEnseignantTest.php::un enseignant peut voir la fiche d'un témoin lié à ses thématiques" class="Tests\Feature\PersonneAgee\ShowTemoinEnseignantTest" classname="Tests.Feature.PersonneAgee.ShowTemoinEnseignantTest" assertions="16" time="0.062680"/>
        <testcase name="un enseignant peut voir la fiche d'un témoin approuvé lié à ses thématiques" file="tests\Feature\PersonneAgee\ShowTemoinEnseignantTest.php::un enseignant peut voir la fiche d'un témoin approuvé lié à ses thématiques" class="Tests\Feature\PersonneAgee\ShowTemoinEnseignantTest" classname="Tests.Feature.PersonneAgee.ShowTemoinEnseignantTest" assertions="10" time="0.056237"/>
        <testcase name="un enseignant ne peut pas voir la fiche d'un témoin sans thématique commune" file="tests\Feature\PersonneAgee\ShowTemoinEnseignantTest.php::un enseignant ne peut pas voir la fiche d'un témoin sans thématique commune" class="Tests\Feature\PersonneAgee\ShowTemoinEnseignantTest" classname="Tests.Feature.PersonneAgee.ShowTemoinEnseignantTest" assertions="1" time="0.031702"/>
        <testcase name="un enseignant ne peut pas voir la fiche d'un utilisateur qui n'est pas personne_agee" file="tests\Feature\PersonneAgee\ShowTemoinEnseignantTest.php::un enseignant ne peut pas voir la fiche d'un utilisateur qui n'est pas personne_agee" class="Tests\Feature\PersonneAgee\ShowTemoinEnseignantTest" classname="Tests.Feature.PersonneAgee.ShowTemoinEnseignantTest" assertions="1" time="0.028241"/>
        <testcase name="un invité est redirigé vers /login" file="tests\Feature\PersonneAgee\ShowTemoinEnseignantTest.php::un invité est redirigé vers /login" class="Tests\Feature\PersonneAgee\ShowTemoinEnseignantTest" classname="Tests.Feature.PersonneAgee.ShowTemoinEnseignantTest" assertions="2" time="0.024099"/>
        <testcase name="la fiche du témoin expose les champs de consentement au professeur" file="tests\Feature\PersonneAgee\ShowTemoinEnseignantTest.php::la fiche du témoin expose les champs de consentement au professeur" class="Tests\Feature\PersonneAgee\ShowTemoinEnseignantTest" classname="Tests.Feature.PersonneAgee.ShowTemoinEnseignantTest" assertions="11" time="0.049621"/>
        <testcase name="la fiche du témoin expose des champs de consentement nuls si non signés" file="tests\Feature\PersonneAgee\ShowTemoinEnseignantTest.php::la fiche du témoin expose des champs de consentement nuls si non signés" class="Tests\Feature\PersonneAgee\ShowTemoinEnseignantTest" classname="Tests.Feature.PersonneAgee.ShowTemoinEnseignantTest" assertions="12" time="0.037359"/>
        <testcase name="la fiche témoin expose theme_libre depuis le pivot user_etablissement" file="tests\Feature\PersonneAgee\ShowTemoinEnseignantTest.php::la fiche témoin expose theme_libre depuis le pivot user_etablissement" class="Tests\Feature\PersonneAgee\ShowTemoinEnseignantTest" classname="Tests.Feature.PersonneAgee.ShowTemoinEnseignantTest" assertions="9" time="0.039090"/>
        <testcase name="la fiche témoin expose theme_libre null si aucun thème libre dans les pivots" file="tests\Feature\PersonneAgee\ShowTemoinEnseignantTest.php::la fiche témoin expose theme_libre null si aucun thème libre dans les pivots" class="Tests\Feature\PersonneAgee\ShowTemoinEnseignantTest" classname="Tests.Feature.PersonneAgee.ShowTemoinEnseignantTest" assertions="9" time="0.041942"/>
        <testcase name="un enseignant peut désapprouver un témoin qu'il a approuvé" file="tests\Feature\PersonneAgee\ShowTemoinEnseignantTest.php::un enseignant peut désapprouver un témoin qu'il a approuvé" class="Tests\Feature\PersonneAgee\ShowTemoinEnseignantTest" classname="Tests.Feature.PersonneAgee.ShowTemoinEnseignantTest" assertions="4" time="0.031142"/>
        <testcase name="un enseignant ne peut pas désapprouver un témoin encore en attente" file="tests\Feature\PersonneAgee\ShowTemoinEnseignantTest.php::un enseignant ne peut pas désapprouver un témoin encore en attente" class="Tests\Feature\PersonneAgee\ShowTemoinEnseignantTest" classname="Tests.Feature.PersonneAgee.ShowTemoinEnseignantTest" assertions="1" time="0.031078"/>
        <testcase name="un enseignant ne peut pas désapprouver un témoin approuvé par un autre enseignant" file="tests\Feature\PersonneAgee\ShowTemoinEnseignantTest.php::un enseignant ne peut pas désapprouver un témoin approuvé par un autre enseignant" class="Tests\Feature\PersonneAgee\ShowTemoinEnseignantTest" classname="Tests.Feature.PersonneAgee.ShowTemoinEnseignantTest" assertions="1" time="0.047936"/>
        <testcase name="un enseignant qui approuve un témoin définit approuve_par_id" file="tests\Feature\PersonneAgee\ShowTemoinEnseignantTest.php::un enseignant qui approuve un témoin définit approuve_par_id" class="Tests\Feature\PersonneAgee\ShowTemoinEnseignantTest" classname="Tests.Feature.PersonneAgee.ShowTemoinEnseignantTest" assertions="4" time="0.042524"/>
        <testcase name="un enseignant approuvant un PA le retire de la liste des témoins en attente des autres enseignants" file="tests\Feature\PersonneAgee\ShowTemoinEnseignantTest.php::un enseignant approuvant un PA le retire de la liste des témoins en attente des autres enseignants" class="Tests\Feature\PersonneAgee\ShowTemoinEnseignantTest" classname="Tests.Feature.PersonneAgee.ShowTemoinEnseignantTest" assertions="21" time="0.055872"/>
      </testsuite>
      <testsuite name="Tests\Feature\PersonneAgee\SupprimerCompteTest" file="tests\Feature\PersonneAgee\SupprimerCompteTest.php" tests="8" assertions="17" errors="0" failures="0" skipped="0" time="0.291141">
        <testcase name="une personne âgée peut supprimer son propre compte" file="tests\Feature\PersonneAgee\SupprimerCompteTest.php::une personne âgée peut supprimer son propre compte" class="Tests\Feature\PersonneAgee\SupprimerCompteTest" classname="Tests.Feature.PersonneAgee.SupprimerCompteTest" assertions="3" time="0.049016"/>
        <testcase name="une PA est déconnectée après avoir supprimé son compte" file="tests\Feature\PersonneAgee\SupprimerCompteTest.php::une PA est déconnectée après avoir supprimé son compte" class="Tests\Feature\PersonneAgee\SupprimerCompteTest" classname="Tests.Feature.PersonneAgee.SupprimerCompteTest" assertions="1" time="0.039796"/>
        <testcase name="une PA ne peut pas supprimer son compte avec un mauvais mot de passe" file="tests\Feature\PersonneAgee\SupprimerCompteTest.php::une PA ne peut pas supprimer son compte avec un mauvais mot de passe" class="Tests\Feature\PersonneAgee\SupprimerCompteTest" classname="Tests.Feature.PersonneAgee.SupprimerCompteTest" assertions="2" time="0.040344"/>
        <testcase name="un étudiant ne peut pas supprimer son propre compte" file="tests\Feature\PersonneAgee\SupprimerCompteTest.php::un étudiant ne peut pas supprimer son propre compte" class="Tests\Feature\PersonneAgee\SupprimerCompteTest" classname="Tests.Feature.PersonneAgee.SupprimerCompteTest" assertions="2" time="0.035227"/>
        <testcase name="un enseignant ne peut pas supprimer son propre compte" file="tests\Feature\PersonneAgee\SupprimerCompteTest.php::un enseignant ne peut pas supprimer son propre compte" class="Tests\Feature\PersonneAgee\SupprimerCompteTest" classname="Tests.Feature.PersonneAgee.SupprimerCompteTest" assertions="2" time="0.036868"/>
        <testcase name="un invité ne peut pas accéder à la suppression de compte" file="tests\Feature\PersonneAgee\SupprimerCompteTest.php::un invité ne peut pas accéder à la suppression de compte" class="Tests\Feature\PersonneAgee\SupprimerCompteTest" classname="Tests.Feature.PersonneAgee.SupprimerCompteTest" assertions="2" time="0.026003"/>
        <testcase name="un témoin associé à un groupe ne peut pas supprimer son compte" file="tests\Feature\PersonneAgee\SupprimerCompteTest.php::un témoin associé à un groupe ne peut pas supprimer son compte" class="Tests\Feature\PersonneAgee\SupprimerCompteTest" classname="Tests.Feature.PersonneAgee.SupprimerCompteTest" assertions="2" time="0.033409"/>
        <testcase name="un témoin sans groupe peut supprimer son compte" file="tests\Feature\PersonneAgee\SupprimerCompteTest.php::un témoin sans groupe peut supprimer son compte" class="Tests\Feature\PersonneAgee\SupprimerCompteTest" classname="Tests.Feature.PersonneAgee.SupprimerCompteTest" assertions="3" time="0.030478"/>
      </testsuite>
      <testsuite name="Tests\Feature\ProjetCommentaireNoteTest" file="tests\Feature\ProjetCommentaireNoteTest.php" tests="18" assertions="32" errors="0" failures="0" skipped="0" time="0.821427">
        <testcase name="l'enseignant peut créer un commentaire sur un champ du projet" file="tests\Feature\ProjetCommentaireNoteTest.php::l'enseignant peut créer un commentaire sur un champ du projet" class="Tests\Feature\ProjetCommentaireNoteTest" classname="Tests.Feature.ProjetCommentaireNoteTest" assertions="5" time="0.046168"/>
        <testcase name="un étudiant ne peut pas créer un commentaire" file="tests\Feature\ProjetCommentaireNoteTest.php::un étudiant ne peut pas créer un commentaire" class="Tests\Feature\ProjetCommentaireNoteTest" classname="Tests.Feature.ProjetCommentaireNoteTest" assertions="1" time="0.034641"/>
        <testcase name="un deuxième PUT sur le même champ met à jour le commentaire sans créer de doublon" file="tests\Feature\ProjetCommentaireNoteTest.php::un deuxième PUT sur le même champ met à jour le commentaire sans créer de doublon" class="Tests\Feature\ProjetCommentaireNoteTest" classname="Tests.Feature.ProjetCommentaireNoteTest" assertions="3" time="0.045734"/>
        <testcase name="l'enseignant peut supprimer un commentaire" file="tests\Feature\ProjetCommentaireNoteTest.php::l'enseignant peut supprimer un commentaire" class="Tests\Feature\ProjetCommentaireNoteTest" classname="Tests.Feature.ProjetCommentaireNoteTest" assertions="3" time="0.034669"/>
        <testcase name="un champ non autorisé retourne une erreur de validation" file="tests\Feature\ProjetCommentaireNoteTest.php::un champ non autorisé retourne une erreur de validation" class="Tests\Feature\ProjetCommentaireNoteTest" classname="Tests.Feature.ProjetCommentaireNoteTest" assertions="1" time="0.031552"/>
        <testcase name="le contenu du commentaire est obligatoire" file="tests\Feature\ProjetCommentaireNoteTest.php::le contenu du commentaire est obligatoire" class="Tests\Feature\ProjetCommentaireNoteTest" classname="Tests.Feature.ProjetCommentaireNoteTest" assertions="1" time="0.045612"/>
        <testcase name="l'enseignant peut sauvegarder une note par étudiant" file="tests\Feature\ProjetCommentaireNoteTest.php::l'enseignant peut sauvegarder une note par étudiant" class="Tests\Feature\ProjetCommentaireNoteTest" classname="Tests.Feature.ProjetCommentaireNoteTest" assertions="4" time="0.036604"/>
        <testcase name="un étudiant ne peut pas sauvegarder une note" file="tests\Feature\ProjetCommentaireNoteTest.php::un étudiant ne peut pas sauvegarder une note" class="Tests\Feature\ProjetCommentaireNoteTest" classname="Tests.Feature.ProjetCommentaireNoteTest" assertions="1" time="0.029834"/>
        <testcase name="user_id est obligatoire pour sauvegarder une note" file="tests\Feature\ProjetCommentaireNoteTest.php::user_id est obligatoire pour sauvegarder une note" class="Tests\Feature\ProjetCommentaireNoteTest" classname="Tests.Feature.ProjetCommentaireNoteTest" assertions="1" time="0.033806"/>
        <testsuite name="it accepte uniquement les notes 0, 2, 3 et 4" tests="4" assertions="4" errors="0" failures="0" skipped="0" time="0.145014">
          <testcase name="it accepte uniquement les notes 0, 2, 3 et 4 with data set &quot;(1)&quot;" file="tests\Feature\ProjetCommentaireNoteTest.php::it accepte uniquement les notes 0, 2, 3 et 4 with data set &quot;(1)&quot;" class="Tests\Feature\ProjetCommentaireNoteTest" classname="Tests.Feature.ProjetCommentaireNoteTest" assertions="1" time="0.033796"/>
          <testcase name="it accepte uniquement les notes 0, 2, 3 et 4 with data set &quot;(5)&quot;" file="tests\Feature\ProjetCommentaireNoteTest.php::it accepte uniquement les notes 0, 2, 3 et 4 with data set &quot;(5)&quot;" class="Tests\Feature\ProjetCommentaireNoteTest" classname="Tests.Feature.ProjetCommentaireNoteTest" assertions="1" time="0.042304"/>
[...]
        <testcase name="user can delete their account" file="tests\Feature\Settings\ProfileUpdateTest.php::user can delete their account" class="Tests\Feature\Settings\ProfileUpdateTest" classname="Tests.Feature.Settings.ProfileUpdateTest" assertions="5" time="0.029505"/>
        <testcase name="correct password must be provided to delete account" file="tests\Feature\Settings\ProfileUpdateTest.php::correct password must be provided to delete account" class="Tests\Feature\Settings\ProfileUpdateTest" classname="Tests.Feature.Settings.ProfileUpdateTest" assertions="5" time="0.042773"/>
      </testsuite>
      <testsuite name="Tests\Feature\Settings\SecurityTest" file="tests\Feature\Settings\SecurityTest.php" tests="3" assertions="16" errors="0" failures="0" skipped="0" time="0.099133">
        <testcase name="security page is displayed" file="tests\Feature\Settings\SecurityTest.php::security page is displayed" class="Tests\Feature\Settings\SecurityTest" classname="Tests.Feature.Settings.SecurityTest" assertions="8" time="0.039045"/>
        <testcase name="password can be updated" file="tests\Feature\Settings\SecurityTest.php::password can be updated" class="Tests\Feature\Settings\SecurityTest" classname="Tests.Feature.Settings.SecurityTest" assertions="4" time="0.032405"/>
        <testcase name="correct password must be provided to update password" file="tests\Feature\Settings\SecurityTest.php::correct password must be provided to update password" class="Tests\Feature\Settings\SecurityTest" classname="Tests.Feature.Settings.SecurityTest" assertions="4" time="0.027683"/>
      </testsuite>
      <testsuite name="Tests\Feature\TypeProjetTacheTest" file="tests\Feature\TypeProjetTacheTest.php" tests="11" assertions="23" errors="0" failures="0" skipped="0" time="0.472332">
        <testcase name="l'enseignant peut ajouter une tâche à un TypeProjet" file="tests\Feature\TypeProjetTacheTest.php::l'enseignant peut ajouter une tâche à un TypeProjet" class="Tests\Feature\TypeProjetTacheTest" classname="Tests.Feature.TypeProjetTacheTest" assertions="2" time="0.035979"/>
        <testcase name="l'ordre est automatiquement incrémenté lors de l'ajout de tâches" file="tests\Feature\TypeProjetTacheTest.php::l'ordre est automatiquement incrémenté lors de l'ajout de tâches" class="Tests\Feature\TypeProjetTacheTest" classname="Tests.Feature.TypeProjetTacheTest" assertions="4" time="0.040541"/>
        <testcase name="un enseignant d'un autre cours ne peut pas ajouter de tâches" file="tests\Feature\TypeProjetTacheTest.php::un enseignant d'un autre cours ne peut pas ajouter de tâches" class="Tests\Feature\TypeProjetTacheTest" classname="Tests.Feature.TypeProjetTacheTest" assertions="1" time="0.042454"/>
        <testcase name="l'enseignant peut modifier une tâche" file="tests\Feature\TypeProjetTacheTest.php::l'enseignant peut modifier une tâche" class="Tests\Feature\TypeProjetTacheTest" classname="Tests.Feature.TypeProjetTacheTest" assertions="2" time="0.040887"/>
        <testcase name="l'enseignant peut supprimer une tâche" file="tests\Feature\TypeProjetTacheTest.php::l'enseignant peut supprimer une tâche" class="Tests\Feature\TypeProjetTacheTest" classname="Tests.Feature.TypeProjetTacheTest" assertions="2" time="0.045362"/>
        <testcase name="la suppression renumérote les tâches restantes" file="tests\Feature\TypeProjetTacheTest.php::la suppression renumérote les tâches restantes" class="Tests\Feature\TypeProjetTacheTest" classname="Tests.Feature.TypeProjetTacheTest" assertions="2" time="0.056954"/>
        <testcase name="l'enseignant peut réordonner les tâches" file="tests\Feature\TypeProjetTacheTest.php::l'enseignant peut réordonner les tâches" class="Tests\Feature\TypeProjetTacheTest" classname="Tests.Feature.TypeProjetTacheTest" assertions="3" time="0.039205"/>
        <testcase name="un étudiant membre peut marquer une tâche comme complétée" file="tests\Feature\TypeProjetTacheTest.php::un étudiant membre peut marquer une tâche comme complétée" class="Tests\Feature\TypeProjetTacheTest" classname="Tests.Feature.TypeProjetTacheTest" assertions="3" time="0.041581"/>
        <testcase name="un second toggle sur une tâche complétée la remet à non-complétée" file="tests\Feature\TypeProjetTacheTest.php::un second toggle sur une tâche complétée la remet à non-complétée" class="Tests\Feature\TypeProjetTacheTest" classname="Tests.Feature.TypeProjetTacheTest" assertions="1" time="0.044117"/>
        <testcase name="un étudiant membre peut assigner un membre à une tâche" file="tests\Feature\TypeProjetTacheTest.php::un étudiant membre peut assigner un membre à une tâche" class="Tests\Feature\TypeProjetTacheTest" classname="Tests.Feature.TypeProjetTacheTest" assertions="2" time="0.041828"/>
        <testcase name="un étudiant non-membre ne peut pas modifier les tâches du groupe" file="tests\Feature\TypeProjetTacheTest.php::un étudiant non-membre ne peut pas modifier les tâches du groupe" class="Tests\Feature\TypeProjetTacheTest" classname="Tests.Feature.TypeProjetTacheTest" assertions="1" time="0.043423"/>
      </testsuite>
      <testsuite name="Tests\Feature\TypeProjetTest" file="tests\Feature\TypeProjetTest.php" tests="37" assertions="111" errors="0" failures="0" skipped="0" time="1.291458">
        <testcase name="l'enseignant voit la liste des types de projet de son cours" file="tests\Feature\TypeProjetTest.php::l'enseignant voit la liste des types de projet de son cours" class="Tests\Feature\TypeProjetTest" classname="Tests.Feature.TypeProjetTest" assertions="9" time="0.053151"/>
        <testcase name="les types de projet d'un autre cours ne sont pas visibles depuis un cours différent" file="tests\Feature\TypeProjetTest.php::les types de projet d'un autre cours ne sont pas visibles depuis un cours différent" class="Tests\Feature\TypeProjetTest" classname="Tests.Feature.TypeProjetTest" assertions="8" time="0.037674"/>
        <testcase name="un enseignant ne peut pas voir les types de projet d'un cours qui ne lui appartient pas (IDOR)" file="tests\Feature\TypeProjetTest.php::un enseignant ne peut pas voir les types de projet d'un cours qui ne lui appartient pas (IDOR)" class="Tests\Feature\TypeProjetTest" classname="Tests.Feature.TypeProjetTest" assertions="1" time="0.045463"/>
        <testcase name="un étudiant est redirigé depuis la liste des types de projet" file="tests\Feature\TypeProjetTest.php::un étudiant est redirigé depuis la liste des types de projet" class="Tests\Feature\TypeProjetTest" classname="Tests.Feature.TypeProjetTest" assertions="1" time="0.026832"/>
        <testcase name="l'enseignant accède à la page de création d'un type de projet" file="tests\Feature\TypeProjetTest.php::l'enseignant accède à la page de création d'un type de projet" class="Tests\Feature\TypeProjetTest" classname="Tests.Feature.TypeProjetTest" assertions="8" time="0.041059"/>
        <testcase name="un étudiant est redirigé depuis la page de création de type de projet" file="tests\Feature\TypeProjetTest.php::un étudiant est redirigé depuis la page de création de type de projet" class="Tests\Feature\TypeProjetTest" classname="Tests.Feature.TypeProjetTest" assertions="1" time="0.030729"/>
        <testcase name="la création redirige vers la page edit du nouveau type de projet" file="tests\Feature\TypeProjetTest.php::la création redirige vers la page edit du nouveau type de projet" class="Tests\Feature\TypeProjetTest" classname="Tests.Feature.TypeProjetTest" assertions="2" time="0.032978"/>
        <testcase name="l'enseignant peut créer un type de projet" file="tests\Feature\TypeProjetTest.php::l'enseignant peut créer un type de projet" class="Tests\Feature\TypeProjetTest" classname="Tests.Feature.TypeProjetTest" assertions="2" time="0.028923"/>
        <testcase name="le nom est obligatoire lors de la création" file="tests\Feature\TypeProjetTest.php::le nom est obligatoire lors de la création" class="Tests\Feature\TypeProjetTest" classname="Tests.Feature.TypeProjetTest" assertions="3" time="0.027465"/>
        <testcase name="l'enseignant peut créer un type de projet avec des paramètres de remise" file="tests\Feature\TypeProjetTest.php::l'enseignant peut créer un type de projet avec des paramètres de remise" class="Tests\Feature\TypeProjetTest" classname="Tests.Feature.TypeProjetTest" assertions="2" time="0.028660"/>
        <testcase name="les flags de génération sont true par défaut lors de la création" file="tests\Feature\TypeProjetTest.php::les flags de génération sont true par défaut lors de la création" class="Tests\Feature\TypeProjetTest" classname="Tests.Feature.TypeProjetTest" assertions="2" time="0.028280"/>
        <testcase name="l'enseignant peut désactiver la page titre lors de la création" file="tests\Feature\TypeProjetTest.php::l'enseignant peut désactiver la page titre lors de la création" class="Tests\Feature\TypeProjetTest" classname="Tests.Feature.TypeProjetTest" assertions="2" time="0.029154"/>
        <testcase name="l'enseignant peut désactiver la table des matières lors de la création" file="tests\Feature\TypeProjetTest.php::l'enseignant peut désactiver la table des matières lors de la création" class="Tests\Feature\TypeProjetTest" classname="Tests.Feature.TypeProjetTest" assertions="2" time="0.038709"/>
        <testcase name="l'enseignant peut modifier les flags de génération via update" file="tests\Feature\TypeProjetTest.php::l'enseignant peut modifier les flags de génération via update" class="Tests\Feature\TypeProjetTest" classname="Tests.Feature.TypeProjetTest" assertions="2" time="0.029798"/>
        <testcase name="l'enseignant peut modifier son type de projet" file="tests\Feature\TypeProjetTest.php::l'enseignant peut modifier son type de projet" class="Tests\Feature\TypeProjetTest" classname="Tests.Feature.TypeProjetTest" assertions="2" time="0.032731"/>
        <testcase name="l'enseignant peut configurer les paramètres de remise via update" file="tests\Feature\TypeProjetTest.php::l'enseignant peut configurer les paramètres de remise via update" class="Tests\Feature\TypeProjetTest" classname="Tests.Feature.TypeProjetTest" assertions="2" time="0.032584"/>
        <testcase name="un enseignant ne peut pas modifier le type de projet d'un autre enseignant (IDOR)" file="tests\Feature\TypeProjetTest.php::un enseignant ne peut pas modifier le type de projet d'un autre enseignant (IDOR)" class="Tests\Feature\TypeProjetTest" classname="Tests.Feature.TypeProjetTest" assertions="2" time="0.031150"/>
        <testcase name="l'enseignant peut basculer l'accessibilité de son type de projet" file="tests\Feature\TypeProjetTest.php::l'enseignant peut basculer l'accessibilité de son type de projet" class="Tests\Feature\TypeProjetTest" classname="Tests.Feature.TypeProjetTest" assertions="3" time="0.034096"/>
        <testcase name="un enseignant ne peut pas toggler l'accessibilité du type de projet d'un autre (IDOR)" file="tests\Feature\TypeProjetTest.php::un enseignant ne peut pas toggler l'accessibilité du type de projet d'un autre (IDOR)" class="Tests\Feature\TypeProjetTest" classname="Tests.Feature.TypeProjetTest" assertions="1" time="0.034786"/>
        <testcase name="l'enseignant peut supprimer son type de projet" file="tests\Feature\TypeProjetTest.php::l'enseignant peut supprimer son type de projet" class="Tests\Feature\TypeProjetTest" classname="Tests.Feature.TypeProjetTest" assertions="2" time="0.028479"/>
        <testcase name="la suppression du type de projet cascade sur la grille de correction" file="tests\Feature\TypeProjetTest.php::la suppression du type de projet cascade sur la grille de correction" class="Tests\Feature\TypeProjetTest" classname="Tests.Feature.TypeProjetTest" assertions="2" time="0.034070"/>
        <testcase name="un enseignant ne peut pas supprimer le type de projet d'un autre enseignant (IDOR)" file="tests\Feature\TypeProjetTest.php::un enseignant ne peut pas supprimer le type de projet d'un autre enseignant (IDOR)" class="Tests\Feature\TypeProjetTest" classname="Tests.Feature.TypeProjetTest" assertions="2" time="0.037061"/>
        <testcase name="un étudiant ne peut pas accéder au show d'un projet si le type n'est pas accessible" file="tests\Feature\TypeProjetTest.php::un étudiant ne peut pas accéder au show d'un projet si le type n'est pas accessible" class="Tests\Feature\TypeProjetTest" classname="Tests.Feature.TypeProjetTest" assertions="1" time="0.053944"/>
        <testcase name="l'enseignant peut ajouter une section à son type de projet" file="tests\Feature\TypeProjetTest.php::l'enseignant peut ajouter une section à son type de projet" class="Tests\Feature\TypeProjetTest" classname="Tests.Feature.TypeProjetTest" assertions="2" time="0.036216"/>
        <testcase name="l'ordre des sections est incrémenté automatiquement" file="tests\Feature\TypeProjetTest.php::l'ordre des sections est incrémenté automatiquement" class="Tests\Feature\TypeProjetTest" classname="Tests.Feature.TypeProjetTest" assertions="2" time="0.037347"/>
        <testcase name="l'enseignant peut modifier une section de son type de projet" file="tests\Feature\TypeProjetTest.php::l'enseignant peut modifier une section de son type de projet" class="Tests\Feature\TypeProjetTest" classname="Tests.Feature.TypeProjetTest" assertions="2" time="0.034588"/>
        <testcase name="un enseignant ne peut pas modifier la section d'un autre enseignant (IDOR)" file="tests\Feature\TypeProjetTest.php::un enseignant ne peut pas modifier la section d'un autre enseignant (IDOR)" class="Tests\Feature\TypeProjetTest" classname="Tests.Feature.TypeProjetTest" assertions="2" time="0.031734"/>
        <testcase name="l'enseignant peut supprimer une section et les ordres sont renumérotés" file="tests\Feature\TypeProjetTest.php::l'enseignant peut supprimer une section et les ordres sont renumérotés" class="Tests\Feature\TypeProjetTest" classname="Tests.Feature.TypeProjetTest" assertions="4" time="0.037648"/>
        <testcase name="la suppression d'une section cascade sur les contenus des projets" file="tests\Feature\TypeProjetTest.php::la suppression d'une section cascade sur les contenus des projets" class="Tests\Feature\TypeProjetTest" classname="Tests.Feature.TypeProjetTest" assertions="2" time="0.035405"/>
        <testcase name="l'enseignant peut créer un type de projet avec des sections inline" file="tests\Feature\TypeProjetTest.php::l'enseignant peut créer un type de projet avec des sections inline" class="Tests\Feature\TypeProjetTest" classname="Tests.Feature.TypeProjetTest" assertions="3" time="0.031877"/>
        <testcase name="l'enseignant peut ajouter des sections via update" file="tests\Feature\TypeProjetTest.php::l'enseignant peut ajouter des sections via update" class="Tests\Feature\TypeProjetTest" classname="Tests.Feature.TypeProjetTest" assertions="3" time="0.036456"/>
        <testcase name="l'update supprime les sections retirées et leur contenu cascade" file="tests\Feature\TypeProjetTest.php::l'update supprime les sections retirées et leur contenu cascade" class="Tests\Feature\TypeProjetTest" classname="Tests.Feature.TypeProjetTest" assertions="4" time="0.035419"/>
        <testcase name="l'update sans clé sections ne modifie pas les sections existantes" file="tests\Feature\TypeProjetTest.php::l'update sans clé sections ne modifie pas les sections existantes" class="Tests\Feature\TypeProjetTest" classname="Tests.Feature.TypeProjetTest" assertions="2" time="0.045126"/>
        <testcase name="l'enseignant accède à la page d'édition de son type de projet" file="tests\Feature\TypeProjetTest.php::l'enseignant accède à la page d'édition de son type de projet" class="Tests\Feature\TypeProjetTest" classname="Tests.Feature.TypeProjetTest" assertions="17" time="0.038022"/>
        <testcase name="un enseignant ne peut pas accéder à la page d'édition d'un autre enseignant" file="tests\Feature\TypeProjetTest.php::un enseignant ne peut pas accéder à la page d'édition d'un autre enseignant" class="Tests\Feature\TypeProjetTest" classname="Tests.Feature.TypeProjetTest" assertions="1" time="0.031196"/>
        <testcase name="un étudiant est redirigé depuis la page d'édition d'un type de projet" file="tests\Feature\TypeProjetTest.php::un étudiant est redirigé depuis la page d'édition d'un type de projet" class="Tests\Feature\TypeProjetTest" classname="Tests.Feature.TypeProjetTest" assertions="1" time="0.033597"/>
        <testcase name="l'enseignant peut réordonner les sections" file="tests\Feature\TypeProjetTest.php::l'enseignant peut réordonner les sections" class="Tests\Feature\TypeProjetTest" classname="Tests.Feature.TypeProjetTest" assertions="4" time="0.029053"/>
      </testsuite>
      <testsuite name="Tests\Feature\VisioConferenceTest" file="tests\Feature\VisioConferenceTest.php" tests="10" assertions="18" errors="0" failures="0" skipped="0" time="0.418084">
        <testcase name="l'enseignant peut créer une visioconférence pour son cours" file="tests\Feature\VisioConferenceTest.php::l'enseignant peut créer une visioconférence pour son cours" class="Tests\Feature\VisioConferenceTest" classname="Tests.Feature.VisioConferenceTest" assertions="2" time="0.067699"/>
        <testcase name="la room Jitsi générée respecte le format XXXX-YYYYYYYY" file="tests\Feature\VisioConferenceTest.php::la room Jitsi générée respecte le format XXXX-YYYYYYYY" class="Tests\Feature\VisioConferenceTest" classname="Tests.Feature.VisioConferenceTest" assertions="2" time="0.031765"/>
        <testcase name="deux visios créées ont des rooms distinctes" file="tests\Feature\VisioConferenceTest.php::deux visios créées ont des rooms distinctes" class="Tests\Feature\VisioConferenceTest" classname="Tests.Feature.VisioConferenceTest" assertions="1" time="0.032998"/>
        <testcase name="l'enseignant peut cibler un groupe spécifique lors de la création" file="tests\Feature\VisioConferenceTest.php::l'enseignant peut cibler un groupe spécifique lors de la création" class="Tests\Feature\VisioConferenceTest" classname="Tests.Feature.VisioConferenceTest" assertions="2" time="0.044921"/>
        <testcase name="un enseignant d'un autre cours reçoit 403 (IDOR)" file="tests\Feature\VisioConferenceTest.php::un enseignant d'un autre cours reçoit 403 (IDOR)" class="Tests\Feature\VisioConferenceTest" classname="Tests.Feature.VisioConferenceTest" assertions="1" time="0.036200"/>
        <testcase name="un étudiant ne peut pas créer de visioconférence (redirigé)" file="tests\Feature\VisioConferenceTest.php::un étudiant ne peut pas créer de visioconférence (redirigé)" class="Tests\Feature\VisioConferenceTest" classname="Tests.Feature.VisioConferenceTest" assertions="2" time="0.035592"/>
        <testcase name="l'enseignant peut modifier le titre et la date planifiée d'une visio" file="tests\Feature\VisioConferenceTest.php::l'enseignant peut modifier le titre et la date planifiée d'une visio" class="Tests\Feature\VisioConferenceTest" classname="Tests.Feature.VisioConferenceTest" assertions="3" time="0.050572"/>
        <testcase name="update rejette une URL enregistrement invalide" file="tests\Feature\VisioConferenceTest.php::update rejette une URL enregistrement invalide" class="Tests\Feature\VisioConferenceTest" classname="Tests.Feature.VisioConferenceTest" assertions="2" time="0.039476"/>
        <testcase name="update d'une visio appartenant à un autre cours retourne 404" file="tests\Feature\VisioConferenceTest.php::update d'une visio appartenant à un autre cours retourne 404" class="Tests\Feature\VisioConferenceTest" classname="Tests.Feature.VisioConferenceTest" assertions="1" time="0.042646"/>
        <testcase name="l'enseignant peut supprimer une visioconférence de son cours" file="tests\Feature\VisioConferenceTest.php::l'enseignant peut supprimer une visioconférence de son cours" class="Tests\Feature\VisioConferenceTest" classname="Tests.Feature.VisioConferenceTest" assertions="2" time="0.036215"/>
      </testsuite>
    </testsuite>
  </testsuite>
</testsuites>
